<?xml version="1.0" encoding="UTF-8"?>
<testsuites>
  <testsuite name="Hurt Me Plenty" timestamp="2022-09-02T15:44:40" time="21.24" tests="1" failures="0" errors="0" skipped="0">
    <properties>
      <property name="specId" value="0"/>
      <property name="suiteName" value="Hurt Me Plenty"/>
      <property name="capabilities" value="firefox.104_0_1.windows"/>
      <property name="file" value=".\test\specs\e2e.spec.js"/>
    </properties>
    <testcase classname="firefox.104_0_1.windows.Hurt_Me_Plenty" name="should matches amount received when passing the test manually" time="0.211">
      <system-out><![CDATA[
COMMAND: POST /session/681091d2-3de1-41b1-a220-c0684add4205/element - {"using":"css selector","value":"md-content #compute"}
RESULT: {"using":"css selector","value":"md-content #compute"}
COMMAND: POST /session/681091d2-3de1-41b1-a220-c0684add4205/element/82890220-d66c-466f-9e84-ef9162c1c888/element - {"using":"xpath","value":"//div//b[contains(text(),\"Estimated Component Cost:\")]"}
RESULT: {"using":"xpath","value":"//div//b[contains(text(),\"Estimated Component Cost:\")]"}
COMMAND: GET /session/681091d2-3de1-41b1-a220-c0684add4205/element/a3863cd9-c963-476e-9daa-87318b9bfefb/displayed - {}
RESULT: {}
COMMAND: GET /session/681091d2-3de1-41b1-a220-c0684add4205/element/a3863cd9-c963-476e-9daa-87318b9bfefb/text - {}
RESULT: {}
]]></system-out>
    </testcase>
  </testsuite>
  <testsuite name="Pricing colculator corresponded the data entered and received estimate fields" timestamp="2022-09-02T15:45:01" time="0.209" tests="5" failures="0" errors="0" skipped="0">
    <properties>
      <property name="specId" value="0"/>
      <property name="suiteName" value="Pricing colculator corresponded the data entered and received estimate fields"/>
      <property name="capabilities" value="firefox.104_0_1.windows"/>
      <property name="file" value=".\test\specs\e2e.spec.js"/>
    </properties>
    <testcase classname="firefox.104_0_1.windows.Hurt_Me_Plenty.Pricing_colculator_corresponded_the_data_entered_and_received_estimate_fields" name="should corresponded field VM Class" time="0.041">
      <system-out><![CDATA[
COMMAND: POST /session/681091d2-3de1-41b1-a220-c0684add4205/element - {"using":"css selector","value":"md-content #compute"}
RESULT: {"using":"css selector","value":"md-content #compute"}
COMMAND: POST /session/681091d2-3de1-41b1-a220-c0684add4205/element/82890220-d66c-466f-9e84-ef9162c1c888/element - {"using":"xpath","value":"//div[contains(text(),\"Provisioning model:\")]"}
RESULT: {"using":"xpath","value":"//div[contains(text(),\"Provisioning model:\")]"}
COMMAND: GET /session/681091d2-3de1-41b1-a220-c0684add4205/element/84264f1b-3c55-4627-bbf7-97823f2d2802/displayed - {}
RESULT: {}
COMMAND: GET /session/681091d2-3de1-41b1-a220-c0684add4205/element/84264f1b-3c55-4627-bbf7-97823f2d2802/text - {}
RESULT: {}
]]></system-out>
    </testcase>
    <testcase classname="firefox.104_0_1.windows.Hurt_Me_Plenty.Pricing_colculator_corresponded_the_data_entered_and_received_estimate_fields" name="should corresponded field Instance type" time="0.042">
      <system-out><![CDATA[
COMMAND: POST /session/681091d2-3de1-41b1-a220-c0684add4205/element - {"using":"css selector","value":"md-content #compute"}
RESULT: {"using":"css selector","value":"md-content #compute"}
COMMAND: POST /session/681091d2-3de1-41b1-a220-c0684add4205/element/82890220-d66c-466f-9e84-ef9162c1c888/element - {"using":"xpath","value":"//div[contains(text(),\"Instance type:\")]"}
RESULT: {"using":"xpath","value":"//div[contains(text(),\"Instance type:\")]"}
COMMAND: GET /session/681091d2-3de1-41b1-a220-c0684add4205/element/4198d649-ea67-46c9-bcf0-b0a6cffe431f/displayed - {}
RESULT: {}
COMMAND: GET /session/681091d2-3de1-41b1-a220-c0684add4205/element/4198d649-ea67-46c9-bcf0-b0a6cffe431f/text - {}
RESULT: {}
]]></system-out>
    </testcase>
    <testcase classname="firefox.104_0_1.windows.Hurt_Me_Plenty.Pricing_colculator_corresponded_the_data_entered_and_received_estimate_fields" name="should corresponded field Region" time="0.071">
      <system-out><![CDATA[
COMMAND: POST /session/681091d2-3de1-41b1-a220-c0684add4205/element - {"using":"css selector","value":"md-content #compute"}
RESULT: {"using":"css selector","value":"md-content #compute"}
COMMAND: POST /session/681091d2-3de1-41b1-a220-c0684add4205/element/82890220-d66c-466f-9e84-ef9162c1c888/element - {"using":"xpath","value":"//div[contains(text(),\"Region:\")]"}
RESULT: {"using":"xpath","value":"//div[contains(text(),\"Region:\")]"}
COMMAND: GET /session/681091d2-3de1-41b1-a220-c0684add4205/element/d584a430-bd0a-4c89-849f-cce7aa19cf30/displayed - {}
RESULT: {}
COMMAND: GET /session/681091d2-3de1-41b1-a220-c0684add4205/element/d584a430-bd0a-4c89-849f-cce7aa19cf30/text - {}
RESULT: {}
]]></system-out>
    </testcase>
    <testcase classname="firefox.104_0_1.windows.Hurt_Me_Plenty.Pricing_colculator_corresponded_the_data_entered_and_received_estimate_fields" name="should corresponded field local SSD" time="0.036">
      <system-out><![CDATA[
COMMAND: POST /session/681091d2-3de1-41b1-a220-c0684add4205/element - {"using":"css selector","value":"md-content #compute"}
RESULT: {"using":"css selector","value":"md-content #compute"}
COMMAND: POST /session/681091d2-3de1-41b1-a220-c0684add4205/element/82890220-d66c-466f-9e84-ef9162c1c888/element - {"using":"xpath","value":"//div[contains(text(),\"Local SSD:\")]"}
RESULT: {"using":"xpath","value":"//div[contains(text(),\"Local SSD:\")]"}
COMMAND: GET /session/681091d2-3de1-41b1-a220-c0684add4205/element/7af3b31e-7541-4b98-88c1-d8150ff00e6e/displayed - {}
RESULT: {}
COMMAND: GET /session/681091d2-3de1-41b1-a220-c0684add4205/element/7af3b31e-7541-4b98-88c1-d8150ff00e6e/text - {}
RESULT: {}
]]></system-out>
    </testcase>
    <testcase classname="firefox.104_0_1.windows.Hurt_Me_Plenty.Pricing_colculator_corresponded_the_data_entered_and_received_estimate_fields" name="should corresponded field commitment term" time="0.019">
      <system-out><![CDATA[
COMMAND: POST /session/681091d2-3de1-41b1-a220-c0684add4205/element - {"using":"css selector","value":"md-content #compute"}
RESULT: {"using":"css selector","value":"md-content #compute"}
COMMAND: POST /session/681091d2-3de1-41b1-a220-c0684add4205/element/82890220-d66c-466f-9e84-ef9162c1c888/element - {"using":"xpath","value":"//div[contains(text(),\"Commitment term:\")]"}
RESULT: {"using":"xpath","value":"//div[contains(text(),\"Commitment term:\")]"}
COMMAND: GET /session/681091d2-3de1-41b1-a220-c0684add4205/element/9c76f809-e9a8-4091-8644-4155f748f829/displayed - {}
RESULT: {}
COMMAND: GET /session/681091d2-3de1-41b1-a220-c0684add4205/element/9c76f809-e9a8-4091-8644-4155f748f829/text - {}
RESULT: {}
COMMAND: DELETE /session/681091d2-3de1-41b1-a220-c0684add4205 - {}
RESULT: {}
]]></system-out>
    </testcase>
  </testsuite>
</testsuites>