<?xml version="1.0" encoding="UTF-8"?>
<testsuites>
  <testsuite name="Hardcore" timestamp="2022-09-02T16:23:02" time="44.851" tests="1" failures="1" errors="1" skipped="0">
    <properties>
      <property name="specId" value="0"/>
      <property name="suiteName" value="Hardcore"/>
      <property name="capabilities" value="chrome.104_0_5112_102.windows"/>
      <property name="file" value=".\test\specs\smoke.spec.js"/>
    </properties>
    <testcase classname="chrome.104_0_5112_102.windows.Hardcore" name="should matches amount received when passing the test manually" time="44.849">
      <failure/>
      <error message="invalid argument: missing 'ELEMENT'&#xA;  (Session info: chrome=104.0.5112.102)"/>
      <system-out><![CDATA[
COMMAND: POST /session/2b6e498264f43b515cd551ee8b62062a/url - {"url":"https://cloud.google.com/"}
RESULT: {}
RESULT: {"url":"https://cloud.google.com/"}
COMMAND: POST /session/2b6e498264f43b515cd551ee8b62062a/element - {"using":"css selector","value":".devsite-header--inner"}
RESULT: {"using":"css selector","value":".devsite-header--inner"}
COMMAND: POST /session/2b6e498264f43b515cd551ee8b62062a/element/57c6e0d2-0853-4526-9edf-9bae0e04da04/element - {"using":"css selector","value":".devsite-search-field"}
RESULT: {"using":"css selector","value":".devsite-search-field"}
COMMAND: POST /session/2b6e498264f43b515cd551ee8b62062a/element/449aa8ad-d95e-40ec-92b5-c5c30d821061/clear - {}
RESULT: {}
COMMAND: POST /session/2b6e498264f43b515cd551ee8b62062a/element/449aa8ad-d95e-40ec-92b5-c5c30d821061/value - {"text":"Google Cloud Platform Pricing Calculator"}
RESULT: {"text":"Google Cloud Platform Pricing Calculator"}
COMMAND: DELETE /session/2b6e498264f43b515cd551ee8b62062a/actions - {}
COMMAND: POST /session/2b6e498264f43b515cd551ee8b62062a/element - {"using":"css selector","value":"devsite-content"}
COMMAND: POST /session/2b6e498264f43b515cd551ee8b62062a/actions - {"actions":[{"type":"key","id":"keyboard","actions":[{"type":"keyDown","value":""}]}]}
RESULT: {}
RESULT: {"using":"css selector","value":"devsite-content"}
COMMAND: POST /session/2b6e498264f43b515cd551ee8b62062a/element/bdbc5ea0-c82a-4b05-ad0f-35d5e7e38103/element - {"using":"xpath","value":"//b[normalize-space(text())='Google Cloud Platform Pricing Calculator']"}
RESULT: {"actions":[{"type":"key","id":"keyboard","actions":[{"type":"keyDown","value":""}]}]}
RESULT: {"using":"xpath","value":"//b[normalize-space(text())='Google Cloud Platform Pricing Calculator']"}
COMMAND: POST /session/2b6e498264f43b515cd551ee8b62062a/element/bdbc5ea0-c82a-4b05-ad0f-35d5e7e38103/element - {"using":"xpath","value":"//b[normalize-space(text())='Google Cloud Platform Pricing Calculator']"}
RESULT: {"using":"xpath","value":"//b[normalize-space(text())='Google Cloud Platform Pricing Calculator']"}
COMMAND: POST /session/2b6e498264f43b515cd551ee8b62062a/element/bdbc5ea0-c82a-4b05-ad0f-35d5e7e38103/element - {"using":"xpath","value":"//b[normalize-space(text())='Google Cloud Platform Pricing Calculator']"}
RESULT: {"using":"xpath","value":"//b[normalize-space(text())='Google Cloud Platform Pricing Calculator']"}
COMMAND: POST /session/2b6e498264f43b515cd551ee8b62062a/element/bdbc5ea0-c82a-4b05-ad0f-35d5e7e38103/element - {"using":"xpath","value":"//b[normalize-space(text())='Google Cloud Platform Pricing Calculator']"}
RESULT: {"using":"xpath","value":"//b[normalize-space(text())='Google Cloud Platform Pricing Calculator']"}
COMMAND: POST /session/2b6e498264f43b515cd551ee8b62062a/element/bdbc5ea0-c82a-4b05-ad0f-35d5e7e38103/element - {"using":"xpath","value":"//b[normalize-space(text())='Google Cloud Platform Pricing Calculator']"}
RESULT: {"using":"xpath","value":"//b[normalize-space(text())='Google Cloud Platform Pricing Calculator']"}
COMMAND: POST /session/2b6e498264f43b515cd551ee8b62062a/element/bdbc5ea0-c82a-4b05-ad0f-35d5e7e38103/element - {"using":"xpath","value":"//b[normalize-space(text())='Google Cloud Platform Pricing Calculator']"}
RESULT: {"using":"xpath","value":"//b[normalize-space(text())='Google Cloud Platform Pricing Calculator']"}
COMMAND: POST /session/2b6e498264f43b515cd551ee8b62062a/element/bdbc5ea0-c82a-4b05-ad0f-35d5e7e38103/element - {"using":"xpath","value":"//b[normalize-space(text())='Google Cloud Platform Pricing Calculator']"}
RESULT: {"using":"xpath","value":"//b[normalize-space(text())='Google Cloud Platform Pricing Calculator']"}
COMMAND: POST /session/2b6e498264f43b515cd551ee8b62062a/execute/sync - {"script":"return (function isElementDisplayed(element) {\n    function nodeIsElement(node) {\n        if (!node) {\n            return false;\n        }\n        switch (node.nodeType) {\n            case Node.ELEMEN ... (7762 more bytes)","args":[{"element-6066-11e4-a52e-4f735466cecf":"0d64f028-91ac-4c4b-a9d2-1af901e955a1","ELEMENT":"0d64f028-91ac-4c4b-a9d2-1af901e955a1"}]}
RESULT: {"script":"return (function isElementDisplayed(element) {\n    function nodeIsElement(node) {\n        if (!node) {\n            return false;\n        }\n        switch (node.nodeType) {\n            case Node.ELEMEN ... (7762 more bytes)","args":[{"element-6066-11e4-a52e-4f735466cecf":"0d64f028-91ac-4c4b-a9d2-1af901e955a1","ELEMENT":"0d64f028-91ac-4c4b-a9d2-1af901e955a1"}]}
COMMAND: POST /session/2b6e498264f43b515cd551ee8b62062a/element/0d64f028-91ac-4c4b-a9d2-1af901e955a1/click - {}
RESULT: {}
COMMAND: POST /session/2b6e498264f43b515cd551ee8b62062a/element - {"using":"xpath","value":"//devsite-iframe//iframe"}
RESULT: {"using":"xpath","value":"//devsite-iframe//iframe"}
COMMAND: POST /session/2b6e498264f43b515cd551ee8b62062a/frame - {"id":{"sessionId":"2b6e498264f43b515cd551ee8b62062a","elementId":"f31037cb-6d19-4017-b526-9bf91c3fc3b4","element-6066-11e4-a52e-4f735466cecf":"f31037cb-6d19-4017-b526-9bf91c3fc3b4","selector":"//devsite-iframe//iframe","parent":{"capabilities":{"acceptInsecureCerts":true,"browserName":"chrome","browserVersion":"104.0.5112.102","chrome":{"chromedriverVersion":"104.0.5112.79 (3cf3e8c8a07d104b9e1260c910efb8f383285dc5-refs/branch-heads/5112@{#1307})","userDataDir":"C:\\Users\\GOLOVC~1\\AppData\\Local\\Temp\\scoped_dir42704_1674783672"},"goog:chromeOptions":{"debuggerAddress":"localhost:64866"},"networkConnectionEnabled":false,"pageLoadStrategy":"normal","platformName":"windows","proxy":{},"setWindowRect":true,"_":"6 more keys: [\"strictFileInteractability\",\"timeouts\",\"unhandledPromptBehavior\",\"webauthn:extension:credBlob\",\"webauthn:extension:largeBlob\",\"webauthn:virtualAuthenticators\"]"},"config":{"specs":["./test/specs/**/*.js"],"suites":{"smoke":["./test/specs/smoke.spec.js"],"otherFeature":["./test/specs/e2e.spec.js"]},"exclude":[],"logLevel":"error","logLevels":{},"excludeDriverLogs":[],"bail":0,"waitforInterval":500,"waitforTimeout":100000,"framework":"mocha","_":"50 more keys: [\"reporters\",\"services\",\"maxInstances\",\"maxInstancesPerCapability\",\"filesToWatch\",\"connectionRetryTimeout\",\"connectionRetryCount\",\"execArgv\",\"runnerEnv\",\"runner\",\"specFileRetries\",\"specFileRetriesDelay\",\"specFileRetriesDeferred\",\"reporterSyncInterval\",\"reporterSyncTimeout\",\"cucumberFeaturesWithLineNumbers\",\"autoCompileOpts\",\"mochaOpts\",\"jasmineOpts\",\"cucumberOpts\",\"onPrepare\",\"onWorkerStart\",\"onWorkerEnd\",\"before\",\"beforeSession\",\"beforeSuite\",\"beforeHook\",\"beforeTest\",\"beforeCommand\",\"afterCommand\",\"afterTest\",\"afterHook\",\"afterSuite\",\"afterSession\",\"after\",\"onComplete\",\"onReload\",\"beforeFeature\",\"beforeScenario\",\"beforeStep\",\"afterStep\",\"afterScenario\",\"afterFeature\",\"baseUrl\",\"_\",\"BROWSER_NAME\",\"suite\",\"$0\",\"config-path\",\"ignoredWorkerServices\"]"}},"isReactElement":false}}
RESULT: {"id":{"sessionId":"2b6e498264f43b515cd551ee8b62062a","elementId":"f31037cb-6d19-4017-b526-9bf91c3fc3b4","element-6066-11e4-a52e-4f735466cecf":"f31037cb-6d19-4017-b526-9bf91c3fc3b4","selector":"//devsite-iframe//iframe","parent":{"capabilities":{"acceptInsecureCerts":true,"browserName":"chrome","browserVersion":"104.0.5112.102","chrome":{"chromedriverVersion":"104.0.5112.79 (3cf3e8c8a07d104b9e1260c910efb8f383285dc5-refs/branch-heads/5112@{#1307})","userDataDir":"C:\\Users\\GOLOVC~1\\AppData\\Local\\Temp\\scoped_dir42704_1674783672"},"goog:chromeOptions":{"debuggerAddress":"localhost:64866"},"networkConnectionEnabled":false,"pageLoadStrategy":"normal","platformName":"windows","proxy":{},"setWindowRect":true,"_":"6 more keys: [\"strictFileInteractability\",\"timeouts\",\"unhandledPromptBehavior\",\"webauthn:extension:credBlob\",\"webauthn:extension:largeBlob\",\"webauthn:virtualAuthenticators\"]"},"config":{"specs":["./test/specs/**/*.js"],"suites":{"smoke":["./test/specs/smoke.spec.js"],"otherFeature":["./test/specs/e2e.spec.js"]},"exclude":[],"logLevel":"error","logLevels":{},"excludeDriverLogs":[],"bail":0,"waitforInterval":500,"waitforTimeout":100000,"framework":"mocha","_":"50 more keys: [\"reporters\",\"services\",\"maxInstances\",\"maxInstancesPerCapability\",\"filesToWatch\",\"connectionRetryTimeout\",\"connectionRetryCount\",\"execArgv\",\"runnerEnv\",\"runner\",\"specFileRetries\",\"specFileRetriesDelay\",\"specFileRetriesDeferred\",\"reporterSyncInterval\",\"reporterSyncTimeout\",\"cucumberFeaturesWithLineNumbers\",\"autoCompileOpts\",\"mochaOpts\",\"jasmineOpts\",\"cucumberOpts\",\"onPrepare\",\"onWorkerStart\",\"onWorkerEnd\",\"before\",\"beforeSession\",\"beforeSuite\",\"beforeHook\",\"beforeTest\",\"beforeCommand\",\"afterCommand\",\"afterTest\",\"afterHook\",\"afterSuite\",\"afterSession\",\"after\",\"onComplete\",\"onReload\",\"beforeFeature\",\"beforeScenario\",\"beforeStep\",\"afterStep\",\"afterScenario\",\"afterFeature\",\"baseUrl\",\"_\",\"BROWSER_NAME\",\"suite\",\"$0\",\"config-path\",\"ignoredWorkerServices\"]"}},"isReactElement":false}}
COMMAND: POST /session/2b6e498264f43b515cd551ee8b62062a/element - {"using":"css selector","value":"#myFrame"}
RESULT: {"using":"css selector","value":"#myFrame"}
COMMAND: POST /session/2b6e498264f43b515cd551ee8b62062a/frame - {"id":{"sessionId":"2b6e498264f43b515cd551ee8b62062a","elementId":"622eef65-64fc-4f42-bc09-3f33e5f2a4de","element-6066-11e4-a52e-4f735466cecf":"622eef65-64fc-4f42-bc09-3f33e5f2a4de","selector":"#myFrame","parent":{"capabilities":{"acceptInsecureCerts":true,"browserName":"chrome","browserVersion":"104.0.5112.102","chrome":{"chromedriverVersion":"104.0.5112.79 (3cf3e8c8a07d104b9e1260c910efb8f383285dc5-refs/branch-heads/5112@{#1307})","userDataDir":"C:\\Users\\GOLOVC~1\\AppData\\Local\\Temp\\scoped_dir42704_1674783672"},"goog:chromeOptions":{"debuggerAddress":"localhost:64866"},"networkConnectionEnabled":false,"pageLoadStrategy":"normal","platformName":"windows","proxy":{},"setWindowRect":true,"_":"6 more keys: [\"strictFileInteractability\",\"timeouts\",\"unhandledPromptBehavior\",\"webauthn:extension:credBlob\",\"webauthn:extension:largeBlob\",\"webauthn:virtualAuthenticators\"]"},"config":{"specs":["./test/specs/**/*.js"],"suites":{"smoke":["./test/specs/smoke.spec.js"],"otherFeature":["./test/specs/e2e.spec.js"]},"exclude":[],"logLevel":"error","logLevels":{},"excludeDriverLogs":[],"bail":0,"waitforInterval":500,"waitforTimeout":100000,"framework":"mocha","_":"50 more keys: [\"reporters\",\"services\",\"maxInstances\",\"maxInstancesPerCapability\",\"filesToWatch\",\"connectionRetryTimeout\",\"connectionRetryCount\",\"execArgv\",\"runnerEnv\",\"runner\",\"specFileRetries\",\"specFileRetriesDelay\",\"specFileRetriesDeferred\",\"reporterSyncInterval\",\"reporterSyncTimeout\",\"cucumberFeaturesWithLineNumbers\",\"autoCompileOpts\",\"mochaOpts\",\"jasmineOpts\",\"cucumberOpts\",\"onPrepare\",\"onWorkerStart\",\"onWorkerEnd\",\"before\",\"beforeSession\",\"beforeSuite\",\"beforeHook\",\"beforeTest\",\"beforeCommand\",\"afterCommand\",\"afterTest\",\"afterHook\",\"afterSuite\",\"afterSession\",\"after\",\"onComplete\",\"onReload\",\"beforeFeature\",\"beforeScenario\",\"beforeStep\",\"afterStep\",\"afterScenario\",\"afterFeature\",\"baseUrl\",\"_\",\"BROWSER_NAME\",\"suite\",\"$0\",\"config-path\",\"ignoredWorkerServices\"]"}},"isReactElement":false}}
RESULT: {"id":{"sessionId":"2b6e498264f43b515cd551ee8b62062a","elementId":"622eef65-64fc-4f42-bc09-3f33e5f2a4de","element-6066-11e4-a52e-4f735466cecf":"622eef65-64fc-4f42-bc09-3f33e5f2a4de","selector":"#myFrame","parent":{"capabilities":{"acceptInsecureCerts":true,"browserName":"chrome","browserVersion":"104.0.5112.102","chrome":{"chromedriverVersion":"104.0.5112.79 (3cf3e8c8a07d104b9e1260c910efb8f383285dc5-refs/branch-heads/5112@{#1307})","userDataDir":"C:\\Users\\GOLOVC~1\\AppData\\Local\\Temp\\scoped_dir42704_1674783672"},"goog:chromeOptions":{"debuggerAddress":"localhost:64866"},"networkConnectionEnabled":false,"pageLoadStrategy":"normal","platformName":"windows","proxy":{},"setWindowRect":true,"_":"6 more keys: [\"strictFileInteractability\",\"timeouts\",\"unhandledPromptBehavior\",\"webauthn:extension:credBlob\",\"webauthn:extension:largeBlob\",\"webauthn:virtualAuthenticators\"]"},"config":{"specs":["./test/specs/**/*.js"],"suites":{"smoke":["./test/specs/smoke.spec.js"],"otherFeature":["./test/specs/e2e.spec.js"]},"exclude":[],"logLevel":"error","logLevels":{},"excludeDriverLogs":[],"bail":0,"waitforInterval":500,"waitforTimeout":100000,"framework":"mocha","_":"50 more keys: [\"reporters\",\"services\",\"maxInstances\",\"maxInstancesPerCapability\",\"filesToWatch\",\"connectionRetryTimeout\",\"connectionRetryCount\",\"execArgv\",\"runnerEnv\",\"runner\",\"specFileRetries\",\"specFileRetriesDelay\",\"specFileRetriesDeferred\",\"reporterSyncInterval\",\"reporterSyncTimeout\",\"cucumberFeaturesWithLineNumbers\",\"autoCompileOpts\",\"mochaOpts\",\"jasmineOpts\",\"cucumberOpts\",\"onPrepare\",\"onWorkerStart\",\"onWorkerEnd\",\"before\",\"beforeSession\",\"beforeSuite\",\"beforeHook\",\"beforeTest\",\"beforeCommand\",\"afterCommand\",\"afterTest\",\"afterHook\",\"afterSuite\",\"afterSession\",\"after\",\"onComplete\",\"onReload\",\"beforeFeature\",\"beforeScenario\",\"beforeStep\",\"afterStep\",\"afterScenario\",\"afterFeature\",\"baseUrl\",\"_\",\"BROWSER_NAME\",\"suite\",\"$0\",\"config-path\",\"ignoredWorkerServices\"]"}},"isReactElement":false}}
COMMAND: POST /session/2b6e498264f43b515cd551ee8b62062a/element - {"using":"css selector","value":"md-tabs"}
RESULT: {"using":"css selector","value":"md-tabs"}
COMMAND: POST /session/2b6e498264f43b515cd551ee8b62062a/element/a471b3cb-e0eb-4f5f-a0fc-0b0a59b757f7/element - {"using":"xpath","value":"//div[contains(translate(@title, 'abcdefghijklmnopqrstuvwxyz', 'ABCDEFGHIJKLMNOPQRSTUVWXYZ'), 'COMPUTE ENGINE') or (@title = 'COMPUTE ENGINE')]"}
RESULT: {"using":"xpath","value":"//div[contains(translate(@title, 'abcdefghijklmnopqrstuvwxyz', 'ABCDEFGHIJKLMNOPQRSTUVWXYZ'), 'COMPUTE ENGINE') or (@title = 'COMPUTE ENGINE')]"}
COMMAND: POST /session/2b6e498264f43b515cd551ee8b62062a/execute/sync - {"script":"return (function isElementDisplayed(element) {\n    function nodeIsElement(node) {\n        if (!node) {\n            return false;\n        }\n        switch (node.nodeType) {\n            case Node.ELEMEN ... (7762 more bytes)","args":[{"element-6066-11e4-a52e-4f735466cecf":"119b3710-2142-4ffb-a667-6b00ed7a2d97","ELEMENT":"119b3710-2142-4ffb-a667-6b00ed7a2d97"}]}
RESULT: {"script":"return (function isElementDisplayed(element) {\n    function nodeIsElement(node) {\n        if (!node) {\n            return false;\n        }\n        switch (node.nodeType) {\n            case Node.ELEMEN ... (7762 more bytes)","args":[{"element-6066-11e4-a52e-4f735466cecf":"119b3710-2142-4ffb-a667-6b00ed7a2d97","ELEMENT":"119b3710-2142-4ffb-a667-6b00ed7a2d97"}]}
COMMAND: POST /session/2b6e498264f43b515cd551ee8b62062a/element/119b3710-2142-4ffb-a667-6b00ed7a2d97/click - {}
RESULT: {}
COMMAND: POST /session/2b6e498264f43b515cd551ee8b62062a/element - {"using":"css selector","value":"form[name=ComputeEngineForm]"}
RESULT: {"using":"css selector","value":"form[name=ComputeEngineForm]"}
COMMAND: POST /session/2b6e498264f43b515cd551ee8b62062a/element/68922a7a-29e7-4cb1-9611-9e5ca301932d/element - {"using":"css selector","value":"input[ng-model=\"listingCtrl.computeServer.quantity\"]"}
RESULT: {"using":"css selector","value":"input[ng-model=\"listingCtrl.computeServer.quantity\"]"}
COMMAND: POST /session/2b6e498264f43b515cd551ee8b62062a/execute/sync - {"script":"return (function isElementDisplayed(element) {\n    function nodeIsElement(node) {\n        if (!node) {\n            return false;\n        }\n        switch (node.nodeType) {\n            case Node.ELEMEN ... (7762 more bytes)","args":[{"element-6066-11e4-a52e-4f735466cecf":"58d84e14-be38-4f72-bf1a-4edf7f1cde0e","ELEMENT":"58d84e14-be38-4f72-bf1a-4edf7f1cde0e"}]}
RESULT: {"script":"return (function isElementDisplayed(element) {\n    function nodeIsElement(node) {\n        if (!node) {\n            return false;\n        }\n        switch (node.nodeType) {\n            case Node.ELEMEN ... (7762 more bytes)","args":[{"element-6066-11e4-a52e-4f735466cecf":"58d84e14-be38-4f72-bf1a-4edf7f1cde0e","ELEMENT":"58d84e14-be38-4f72-bf1a-4edf7f1cde0e"}]}
COMMAND: POST /session/2b6e498264f43b515cd551ee8b62062a/element/58d84e14-be38-4f72-bf1a-4edf7f1cde0e/clear - {}
RESULT: {}
COMMAND: POST /session/2b6e498264f43b515cd551ee8b62062a/element/58d84e14-be38-4f72-bf1a-4edf7f1cde0e/value - {"text":"4"}
RESULT: {"text":"4"}
COMMAND: POST /session/2b6e498264f43b515cd551ee8b62062a/element - {"using":"css selector","value":"form[name=ComputeEngineForm]"}
RESULT: {"using":"css selector","value":"form[name=ComputeEngineForm]"}
COMMAND: POST /session/2b6e498264f43b515cd551ee8b62062a/element/68922a7a-29e7-4cb1-9611-9e5ca301932d/element - {"using":"css selector","value":"input[ng-model=\"listingCtrl.computeServer.label\"]"}
RESULT: {"using":"css selector","value":"input[ng-model=\"listingCtrl.computeServer.label\"]"}
COMMAND: POST /session/2b6e498264f43b515cd551ee8b62062a/execute/sync - {"script":"return (function isElementDisplayed(element) {\n    function nodeIsElement(node) {\n        if (!node) {\n            return false;\n        }\n        switch (node.nodeType) {\n            case Node.ELEMEN ... (7762 more bytes)","args":[{"element-6066-11e4-a52e-4f735466cecf":"b388860c-9c28-47af-86b8-67d2dda3e39c","ELEMENT":"b388860c-9c28-47af-86b8-67d2dda3e39c"}]}
RESULT: {"script":"return (function isElementDisplayed(element) {\n    function nodeIsElement(node) {\n        if (!node) {\n            return false;\n        }\n        switch (node.nodeType) {\n            case Node.ELEMEN ... (7762 more bytes)","args":[{"element-6066-11e4-a52e-4f735466cecf":"b388860c-9c28-47af-86b8-67d2dda3e39c","ELEMENT":"b388860c-9c28-47af-86b8-67d2dda3e39c"}]}
COMMAND: POST /session/2b6e498264f43b515cd551ee8b62062a/element/b388860c-9c28-47af-86b8-67d2dda3e39c/clear - {}
RESULT: {}
COMMAND: POST /session/2b6e498264f43b515cd551ee8b62062a/element/b388860c-9c28-47af-86b8-67d2dda3e39c/value - {"text":"leave blank"}
RESULT: {"text":"leave blank"}
COMMAND: POST /session/2b6e498264f43b515cd551ee8b62062a/element - {"using":"css selector","value":"form[name=ComputeEngineForm]"}
RESULT: {"using":"css selector","value":"form[name=ComputeEngineForm]"}
COMMAND: POST /session/2b6e498264f43b515cd551ee8b62062a/element/68922a7a-29e7-4cb1-9611-9e5ca301932d/element - {"using":"css selector","value":"[ng-model=\"listingCtrl.computeServer.os\"]"}
RESULT: {"using":"css selector","value":"[ng-model=\"listingCtrl.computeServer.os\"]"}
COMMAND: POST /session/2b6e498264f43b515cd551ee8b62062a/execute/sync - {"script":"return (function isElementDisplayed(element) {\n    function nodeIsElement(node) {\n        if (!node) {\n            return false;\n        }\n        switch (node.nodeType) {\n            case Node.ELEMEN ... (7762 more bytes)","args":[{"element-6066-11e4-a52e-4f735466cecf":"99990ea3-013d-4b3c-9d39-92a465090bd2","ELEMENT":"99990ea3-013d-4b3c-9d39-92a465090bd2"}]}
RESULT: {"script":"return (function isElementDisplayed(element) {\n    function nodeIsElement(node) {\n        if (!node) {\n            return false;\n        }\n        switch (node.nodeType) {\n            case Node.ELEMEN ... (7762 more bytes)","args":[{"element-6066-11e4-a52e-4f735466cecf":"99990ea3-013d-4b3c-9d39-92a465090bd2","ELEMENT":"99990ea3-013d-4b3c-9d39-92a465090bd2"}]}
COMMAND: POST /session/2b6e498264f43b515cd551ee8b62062a/element/99990ea3-013d-4b3c-9d39-92a465090bd2/click - {}
RESULT: {}
COMMAND: POST /session/2b6e498264f43b515cd551ee8b62062a/element - {"using":"xpath","value":"//body/div/md-select-menu//md-option//div[normalize-space(text())='Free: Debian, CentOS, CoreOS, Ubuntu or BYOL (Bring Your Own License)']"}
RESULT: {"using":"xpath","value":"//body/div/md-select-menu//md-option//div[normalize-space(text())='Free: Debian, CentOS, CoreOS, Ubuntu or BYOL (Bring Your Own License)']"}
COMMAND: POST /session/2b6e498264f43b515cd551ee8b62062a/execute/sync - {"script":"return (function isElementDisplayed(element) {\n    function nodeIsElement(node) {\n        if (!node) {\n            return false;\n        }\n        switch (node.nodeType) {\n            case Node.ELEMEN ... (7762 more bytes)","args":[{"element-6066-11e4-a52e-4f735466cecf":"4d5851a4-90cf-47f7-8255-d27c70a4c28c","ELEMENT":"4d5851a4-90cf-47f7-8255-d27c70a4c28c"}]}
RESULT: {"script":"return (function isElementDisplayed(element) {\n    function nodeIsElement(node) {\n        if (!node) {\n            return false;\n        }\n        switch (node.nodeType) {\n            case Node.ELEMEN ... (7762 more bytes)","args":[{"element-6066-11e4-a52e-4f735466cecf":"4d5851a4-90cf-47f7-8255-d27c70a4c28c","ELEMENT":"4d5851a4-90cf-47f7-8255-d27c70a4c28c"}]}
COMMAND: POST /session/2b6e498264f43b515cd551ee8b62062a/execute/sync - {"script":"return (function isElementDisplayed(element) {\n    function nodeIsElement(node) {\n        if (!node) {\n            return false;\n        }\n        switch (node.nodeType) {\n            case Node.ELEMEN ... (7762 more bytes)","args":[{"element-6066-11e4-a52e-4f735466cecf":"4d5851a4-90cf-47f7-8255-d27c70a4c28c","ELEMENT":"4d5851a4-90cf-47f7-8255-d27c70a4c28c"}]}
RESULT: {"script":"return (function isElementDisplayed(element) {\n    function nodeIsElement(node) {\n        if (!node) {\n            return false;\n        }\n        switch (node.nodeType) {\n            case Node.ELEMEN ... (7762 more bytes)","args":[{"element-6066-11e4-a52e-4f735466cecf":"4d5851a4-90cf-47f7-8255-d27c70a4c28c","ELEMENT":"4d5851a4-90cf-47f7-8255-d27c70a4c28c"}]}
COMMAND: POST /session/2b6e498264f43b515cd551ee8b62062a/element/4d5851a4-90cf-47f7-8255-d27c70a4c28c/click - {}
RESULT: {}
COMMAND: POST /session/2b6e498264f43b515cd551ee8b62062a/element - {"using":"css selector","value":"form[name=ComputeEngineForm]"}
RESULT: {"using":"css selector","value":"form[name=ComputeEngineForm]"}
COMMAND: POST /session/2b6e498264f43b515cd551ee8b62062a/element/68922a7a-29e7-4cb1-9611-9e5ca301932d/element - {"using":"css selector","value":"[ng-model=\"listingCtrl.computeServer.class\"]"}
RESULT: {"using":"css selector","value":"[ng-model=\"listingCtrl.computeServer.class\"]"}
COMMAND: POST /session/2b6e498264f43b515cd551ee8b62062a/execute/sync - {"script":"return (function isElementDisplayed(element) {\n    function nodeIsElement(node) {\n        if (!node) {\n            return false;\n        }\n        switch (node.nodeType) {\n            case Node.ELEMEN ... (7762 more bytes)","args":[{"element-6066-11e4-a52e-4f735466cecf":"e5d9bc04-1e45-4597-a82e-f354051bb3e3","ELEMENT":"e5d9bc04-1e45-4597-a82e-f354051bb3e3"}]}
RESULT: {"script":"return (function isElementDisplayed(element) {\n    function nodeIsElement(node) {\n        if (!node) {\n            return false;\n        }\n        switch (node.nodeType) {\n            case Node.ELEMEN ... (7762 more bytes)","args":[{"element-6066-11e4-a52e-4f735466cecf":"e5d9bc04-1e45-4597-a82e-f354051bb3e3","ELEMENT":"e5d9bc04-1e45-4597-a82e-f354051bb3e3"}]}
COMMAND: POST /session/2b6e498264f43b515cd551ee8b62062a/element/e5d9bc04-1e45-4597-a82e-f354051bb3e3/click - {}
RESULT: {}
COMMAND: POST /session/2b6e498264f43b515cd551ee8b62062a/element - {"using":"xpath","value":"//body/div/md-select-menu//md-option//div[normalize-space(text())='Regular']"}
RESULT: {"using":"xpath","value":"//body/div/md-select-menu//md-option//div[normalize-space(text())='Regular']"}
COMMAND: POST /session/2b6e498264f43b515cd551ee8b62062a/execute/sync - {"script":"return (function isElementDisplayed(element) {\n    function nodeIsElement(node) {\n        if (!node) {\n            return false;\n        }\n        switch (node.nodeType) {\n            case Node.ELEMEN ... (7762 more bytes)","args":[{"element-6066-11e4-a52e-4f735466cecf":"7929967c-9742-45b4-bb50-bef1ccef8f86","ELEMENT":"7929967c-9742-45b4-bb50-bef1ccef8f86"}]}
RESULT: {"script":"return (function isElementDisplayed(element) {\n    function nodeIsElement(node) {\n        if (!node) {\n            return false;\n        }\n        switch (node.nodeType) {\n            case Node.ELEMEN ... (7762 more bytes)","args":[{"element-6066-11e4-a52e-4f735466cecf":"7929967c-9742-45b4-bb50-bef1ccef8f86","ELEMENT":"7929967c-9742-45b4-bb50-bef1ccef8f86"}]}
COMMAND: POST /session/2b6e498264f43b515cd551ee8b62062a/execute/sync - {"script":"return (function isElementDisplayed(element) {\n    function nodeIsElement(node) {\n        if (!node) {\n            return false;\n        }\n        switch (node.nodeType) {\n            case Node.ELEMEN ... (7762 more bytes)","args":[{"element-6066-11e4-a52e-4f735466cecf":"7929967c-9742-45b4-bb50-bef1ccef8f86","ELEMENT":"7929967c-9742-45b4-bb50-bef1ccef8f86"}]}
RESULT: {"script":"return (function isElementDisplayed(element) {\n    function nodeIsElement(node) {\n        if (!node) {\n            return false;\n        }\n        switch (node.nodeType) {\n            case Node.ELEMEN ... (7762 more bytes)","args":[{"element-6066-11e4-a52e-4f735466cecf":"7929967c-9742-45b4-bb50-bef1ccef8f86","ELEMENT":"7929967c-9742-45b4-bb50-bef1ccef8f86"}]}
COMMAND: POST /session/2b6e498264f43b515cd551ee8b62062a/element/7929967c-9742-45b4-bb50-bef1ccef8f86/click - {}
RESULT: {}
COMMAND: POST /session/2b6e498264f43b515cd551ee8b62062a/element - {"using":"css selector","value":"form[name=ComputeEngineForm]"}
RESULT: {"using":"css selector","value":"form[name=ComputeEngineForm]"}
COMMAND: POST /session/2b6e498264f43b515cd551ee8b62062a/element/68922a7a-29e7-4cb1-9611-9e5ca301932d/element - {"using":"css selector","value":"[ng-model=\"listingCtrl.computeServer.series\"]"}
RESULT: {"using":"css selector","value":"[ng-model=\"listingCtrl.computeServer.series\"]"}
COMMAND: POST /session/2b6e498264f43b515cd551ee8b62062a/execute/sync - {"script":"return (function isElementDisplayed(element) {\n    function nodeIsElement(node) {\n        if (!node) {\n            return false;\n        }\n        switch (node.nodeType) {\n            case Node.ELEMEN ... (7762 more bytes)","args":[{"element-6066-11e4-a52e-4f735466cecf":"d3683346-91ab-48c7-8829-d6c0d6dcecac","ELEMENT":"d3683346-91ab-48c7-8829-d6c0d6dcecac"}]}
RESULT: {"script":"return (function isElementDisplayed(element) {\n    function nodeIsElement(node) {\n        if (!node) {\n            return false;\n        }\n        switch (node.nodeType) {\n            case Node.ELEMEN ... (7762 more bytes)","args":[{"element-6066-11e4-a52e-4f735466cecf":"d3683346-91ab-48c7-8829-d6c0d6dcecac","ELEMENT":"d3683346-91ab-48c7-8829-d6c0d6dcecac"}]}
COMMAND: POST /session/2b6e498264f43b515cd551ee8b62062a/element/d3683346-91ab-48c7-8829-d6c0d6dcecac/click - {}
RESULT: {}
COMMAND: POST /session/2b6e498264f43b515cd551ee8b62062a/element - {"using":"xpath","value":"//body/div/md-select-menu//md-option//div[normalize-space(text())='N1']"}
RESULT: {"using":"xpath","value":"//body/div/md-select-menu//md-option//div[normalize-space(text())='N1']"}
COMMAND: POST /session/2b6e498264f43b515cd551ee8b62062a/execute/sync - {"script":"return (function isElementDisplayed(element) {\n    function nodeIsElement(node) {\n        if (!node) {\n            return false;\n        }\n        switch (node.nodeType) {\n            case Node.ELEMEN ... (7762 more bytes)","args":[{"element-6066-11e4-a52e-4f735466cecf":"75f7896b-3623-44b6-8b2f-7319da576e14","ELEMENT":"75f7896b-3623-44b6-8b2f-7319da576e14"}]}
RESULT: {"script":"return (function isElementDisplayed(element) {\n    function nodeIsElement(node) {\n        if (!node) {\n            return false;\n        }\n        switch (node.nodeType) {\n            case Node.ELEMEN ... (7762 more bytes)","args":[{"element-6066-11e4-a52e-4f735466cecf":"75f7896b-3623-44b6-8b2f-7319da576e14","ELEMENT":"75f7896b-3623-44b6-8b2f-7319da576e14"}]}
COMMAND: POST /session/2b6e498264f43b515cd551ee8b62062a/execute/sync - {"script":"return (function isElementDisplayed(element) {\n    function nodeIsElement(node) {\n        if (!node) {\n            return false;\n        }\n        switch (node.nodeType) {\n            case Node.ELEMEN ... (7762 more bytes)","args":[{"element-6066-11e4-a52e-4f735466cecf":"75f7896b-3623-44b6-8b2f-7319da576e14","ELEMENT":"75f7896b-3623-44b6-8b2f-7319da576e14"}]}
RESULT: {"script":"return (function isElementDisplayed(element) {\n    function nodeIsElement(node) {\n        if (!node) {\n            return false;\n        }\n        switch (node.nodeType) {\n            case Node.ELEMEN ... (7762 more bytes)","args":[{"element-6066-11e4-a52e-4f735466cecf":"75f7896b-3623-44b6-8b2f-7319da576e14","ELEMENT":"75f7896b-3623-44b6-8b2f-7319da576e14"}]}
COMMAND: POST /session/2b6e498264f43b515cd551ee8b62062a/element/75f7896b-3623-44b6-8b2f-7319da576e14/click - {}
RESULT: {}
COMMAND: POST /session/2b6e498264f43b515cd551ee8b62062a/element - {"using":"css selector","value":"form[name=ComputeEngineForm]"}
RESULT: {"using":"css selector","value":"form[name=ComputeEngineForm]"}
COMMAND: POST /session/2b6e498264f43b515cd551ee8b62062a/element/68922a7a-29e7-4cb1-9611-9e5ca301932d/element - {"using":"css selector","value":"[ng-model=\"listingCtrl.computeServer.instance\"]"}
RESULT: {"using":"css selector","value":"[ng-model=\"listingCtrl.computeServer.instance\"]"}
COMMAND: POST /session/2b6e498264f43b515cd551ee8b62062a/execute/sync - {"script":"return (function isElementDisplayed(element) {\n    function nodeIsElement(node) {\n        if (!node) {\n            return false;\n        }\n        switch (node.nodeType) {\n            case Node.ELEMEN ... (7762 more bytes)","args":[{"element-6066-11e4-a52e-4f735466cecf":"c667bbe7-02dc-4d2e-be3c-19ae3e6117d9","ELEMENT":"c667bbe7-02dc-4d2e-be3c-19ae3e6117d9"}]}
RESULT: {"script":"return (function isElementDisplayed(element) {\n    function nodeIsElement(node) {\n        if (!node) {\n            return false;\n        }\n        switch (node.nodeType) {\n            case Node.ELEMEN ... (7762 more bytes)","args":[{"element-6066-11e4-a52e-4f735466cecf":"c667bbe7-02dc-4d2e-be3c-19ae3e6117d9","ELEMENT":"c667bbe7-02dc-4d2e-be3c-19ae3e6117d9"}]}
COMMAND: POST /session/2b6e498264f43b515cd551ee8b62062a/element/c667bbe7-02dc-4d2e-be3c-19ae3e6117d9/click - {}
RESULT: {}
COMMAND: POST /session/2b6e498264f43b515cd551ee8b62062a/element - {"using":"xpath","value":"//body/div/md-select-menu//md-option//div[normalize-space(text())='n1-standard-8 (vCPUs: 8, RAM: 30GB)']"}
RESULT: {"using":"xpath","value":"//body/div/md-select-menu//md-option//div[normalize-space(text())='n1-standard-8 (vCPUs: 8, RAM: 30GB)']"}
COMMAND: POST /session/2b6e498264f43b515cd551ee8b62062a/execute/sync - {"script":"return (function isElementDisplayed(element) {\n    function nodeIsElement(node) {\n        if (!node) {\n            return false;\n        }\n        switch (node.nodeType) {\n            case Node.ELEMEN ... (7762 more bytes)","args":[{"element-6066-11e4-a52e-4f735466cecf":"f5be5339-4de4-4ff4-8dff-114c0f3da3e0","ELEMENT":"f5be5339-4de4-4ff4-8dff-114c0f3da3e0"}]}
RESULT: {"script":"return (function isElementDisplayed(element) {\n    function nodeIsElement(node) {\n        if (!node) {\n            return false;\n        }\n        switch (node.nodeType) {\n            case Node.ELEMEN ... (7762 more bytes)","args":[{"element-6066-11e4-a52e-4f735466cecf":"f5be5339-4de4-4ff4-8dff-114c0f3da3e0","ELEMENT":"f5be5339-4de4-4ff4-8dff-114c0f3da3e0"}]}
COMMAND: POST /session/2b6e498264f43b515cd551ee8b62062a/execute/sync - {"script":"return (function isElementDisplayed(element) {\n    function nodeIsElement(node) {\n        if (!node) {\n            return false;\n        }\n        switch (node.nodeType) {\n            case Node.ELEMEN ... (7762 more bytes)","args":[{"element-6066-11e4-a52e-4f735466cecf":"f5be5339-4de4-4ff4-8dff-114c0f3da3e0","ELEMENT":"f5be5339-4de4-4ff4-8dff-114c0f3da3e0"}]}
RESULT: {"script":"return (function isElementDisplayed(element) {\n    function nodeIsElement(node) {\n        if (!node) {\n            return false;\n        }\n        switch (node.nodeType) {\n            case Node.ELEMEN ... (7762 more bytes)","args":[{"element-6066-11e4-a52e-4f735466cecf":"f5be5339-4de4-4ff4-8dff-114c0f3da3e0","ELEMENT":"f5be5339-4de4-4ff4-8dff-114c0f3da3e0"}]}
COMMAND: POST /session/2b6e498264f43b515cd551ee8b62062a/element/f5be5339-4de4-4ff4-8dff-114c0f3da3e0/click - {}
RESULT: {}
COMMAND: POST /session/2b6e498264f43b515cd551ee8b62062a/element - {"using":"css selector","value":"form[name=ComputeEngineForm]"}
RESULT: {"using":"css selector","value":"form[name=ComputeEngineForm]"}
COMMAND: POST /session/2b6e498264f43b515cd551ee8b62062a/element/68922a7a-29e7-4cb1-9611-9e5ca301932d/element - {"using":"css selector","value":"[ng-model=\"listingCtrl.computeServer.addGPUs\"]"}
RESULT: {"using":"css selector","value":"[ng-model=\"listingCtrl.computeServer.addGPUs\"]"}
COMMAND: POST /session/2b6e498264f43b515cd551ee8b62062a/execute/sync - {"script":"return (function isElementDisplayed(element) {\n    function nodeIsElement(node) {\n        if (!node) {\n            return false;\n        }\n        switch (node.nodeType) {\n            case Node.ELEMEN ... (7762 more bytes)","args":[{"element-6066-11e4-a52e-4f735466cecf":"9f59d792-7aff-490c-8740-3a0ef795dade","ELEMENT":"9f59d792-7aff-490c-8740-3a0ef795dade"}]}
RESULT: {"script":"return (function isElementDisplayed(element) {\n    function nodeIsElement(node) {\n        if (!node) {\n            return false;\n        }\n        switch (node.nodeType) {\n            case Node.ELEMEN ... (7762 more bytes)","args":[{"element-6066-11e4-a52e-4f735466cecf":"9f59d792-7aff-490c-8740-3a0ef795dade","ELEMENT":"9f59d792-7aff-490c-8740-3a0ef795dade"}]}
COMMAND: POST /session/2b6e498264f43b515cd551ee8b62062a/element/9f59d792-7aff-490c-8740-3a0ef795dade/click - {}
COMMAND: GET /session/2b6e498264f43b515cd551ee8b62062a/element/9f59d792-7aff-490c-8740-3a0ef795dade/attribute/aria-invalid - {}
RESULT: {}
COMMAND: POST /session/2b6e498264f43b515cd551ee8b62062a/element - {"using":"css selector","value":"form[name=ComputeEngineForm]"}
RESULT: {}
RESULT: {"using":"css selector","value":"form[name=ComputeEngineForm]"}
COMMAND: POST /session/2b6e498264f43b515cd551ee8b62062a/element/68922a7a-29e7-4cb1-9611-9e5ca301932d/element - {"using":"css selector","value":"[ng-model=\"listingCtrl.computeServer.gpuType\"]"}
RESULT: {"using":"css selector","value":"[ng-model=\"listingCtrl.computeServer.gpuType\"]"}
COMMAND: POST /session/2b6e498264f43b515cd551ee8b62062a/execute/sync - {"script":"return (function isElementDisplayed(element) {\n    function nodeIsElement(node) {\n        if (!node) {\n            return false;\n        }\n        switch (node.nodeType) {\n            case Node.ELEMEN ... (7762 more bytes)","args":[{"element-6066-11e4-a52e-4f735466cecf":"068b6f0e-d51c-414c-a1ad-a00cc89d635b","ELEMENT":"068b6f0e-d51c-414c-a1ad-a00cc89d635b"}]}
RESULT: {"script":"return (function isElementDisplayed(element) {\n    function nodeIsElement(node) {\n        if (!node) {\n            return false;\n        }\n        switch (node.nodeType) {\n            case Node.ELEMEN ... (7762 more bytes)","args":[{"element-6066-11e4-a52e-4f735466cecf":"068b6f0e-d51c-414c-a1ad-a00cc89d635b","ELEMENT":"068b6f0e-d51c-414c-a1ad-a00cc89d635b"}]}
COMMAND: POST /session/2b6e498264f43b515cd551ee8b62062a/element/068b6f0e-d51c-414c-a1ad-a00cc89d635b/click - {}
RESULT: {}
COMMAND: POST /session/2b6e498264f43b515cd551ee8b62062a/element - {"using":"xpath","value":"//body/div/md-select-menu//md-option//div[normalize-space(text())='NVIDIA Tesla T4']"}
RESULT: {"using":"xpath","value":"//body/div/md-select-menu//md-option//div[normalize-space(text())='NVIDIA Tesla T4']"}
COMMAND: POST /session/2b6e498264f43b515cd551ee8b62062a/execute/sync - {"script":"return (function isElementDisplayed(element) {\n    function nodeIsElement(node) {\n        if (!node) {\n            return false;\n        }\n        switch (node.nodeType) {\n            case Node.ELEMEN ... (7762 more bytes)","args":[{"element-6066-11e4-a52e-4f735466cecf":"fea23069-8b2a-4640-860d-3832a08d66c5","ELEMENT":"fea23069-8b2a-4640-860d-3832a08d66c5"}]}
RESULT: {"script":"return (function isElementDisplayed(element) {\n    function nodeIsElement(node) {\n        if (!node) {\n            return false;\n        }\n        switch (node.nodeType) {\n            case Node.ELEMEN ... (7762 more bytes)","args":[{"element-6066-11e4-a52e-4f735466cecf":"fea23069-8b2a-4640-860d-3832a08d66c5","ELEMENT":"fea23069-8b2a-4640-860d-3832a08d66c5"}]}
COMMAND: POST /session/2b6e498264f43b515cd551ee8b62062a/execute/sync - {"script":"return (function isElementDisplayed(element) {\n    function nodeIsElement(node) {\n        if (!node) {\n            return false;\n        }\n        switch (node.nodeType) {\n            case Node.ELEMEN ... (7762 more bytes)","args":[{"element-6066-11e4-a52e-4f735466cecf":"fea23069-8b2a-4640-860d-3832a08d66c5","ELEMENT":"fea23069-8b2a-4640-860d-3832a08d66c5"}]}
RESULT: {"script":"return (function isElementDisplayed(element) {\n    function nodeIsElement(node) {\n        if (!node) {\n            return false;\n        }\n        switch (node.nodeType) {\n            case Node.ELEMEN ... (7762 more bytes)","args":[{"element-6066-11e4-a52e-4f735466cecf":"fea23069-8b2a-4640-860d-3832a08d66c5","ELEMENT":"fea23069-8b2a-4640-860d-3832a08d66c5"}]}
COMMAND: POST /session/2b6e498264f43b515cd551ee8b62062a/element/fea23069-8b2a-4640-860d-3832a08d66c5/click - {}
RESULT: {}
COMMAND: POST /session/2b6e498264f43b515cd551ee8b62062a/element - {"using":"css selector","value":"form[name=ComputeEngineForm]"}
RESULT: {"using":"css selector","value":"form[name=ComputeEngineForm]"}
COMMAND: POST /session/2b6e498264f43b515cd551ee8b62062a/element/68922a7a-29e7-4cb1-9611-9e5ca301932d/element - {"using":"css selector","value":"[ng-model=\"listingCtrl.computeServer.gpuCount\"]"}
RESULT: {"using":"css selector","value":"[ng-model=\"listingCtrl.computeServer.gpuCount\"]"}
COMMAND: POST /session/2b6e498264f43b515cd551ee8b62062a/execute/sync - {"script":"return (function isElementDisplayed(element) {\n    function nodeIsElement(node) {\n        if (!node) {\n            return false;\n        }\n        switch (node.nodeType) {\n            case Node.ELEMEN ... (7762 more bytes)","args":[{"element-6066-11e4-a52e-4f735466cecf":"86b71445-e8cf-4a63-983a-915802289c37","ELEMENT":"86b71445-e8cf-4a63-983a-915802289c37"}]}
RESULT: {"script":"return (function isElementDisplayed(element) {\n    function nodeIsElement(node) {\n        if (!node) {\n            return false;\n        }\n        switch (node.nodeType) {\n            case Node.ELEMEN ... (7762 more bytes)","args":[{"element-6066-11e4-a52e-4f735466cecf":"86b71445-e8cf-4a63-983a-915802289c37","ELEMENT":"86b71445-e8cf-4a63-983a-915802289c37"}]}
COMMAND: POST /session/2b6e498264f43b515cd551ee8b62062a/element/86b71445-e8cf-4a63-983a-915802289c37/click - {}
RESULT: {}
COMMAND: POST /session/2b6e498264f43b515cd551ee8b62062a/element - {"using":"xpath","value":"//body/div/md-select-menu//md-option//div[normalize-space(text())='1']"}
RESULT: {"using":"xpath","value":"//body/div/md-select-menu//md-option//div[normalize-space(text())='1']"}
COMMAND: POST /session/2b6e498264f43b515cd551ee8b62062a/execute/sync - {"script":"return (function isElementDisplayed(element) {\n    function nodeIsElement(node) {\n        if (!node) {\n            return false;\n        }\n        switch (node.nodeType) {\n            case Node.ELEMEN ... (7762 more bytes)","args":[{"element-6066-11e4-a52e-4f735466cecf":"4996380f-b3d6-46b5-82fe-74fbd55d39aa","ELEMENT":"4996380f-b3d6-46b5-82fe-74fbd55d39aa"}]}
RESULT: {"script":"return (function isElementDisplayed(element) {\n    function nodeIsElement(node) {\n        if (!node) {\n            return false;\n        }\n        switch (node.nodeType) {\n            case Node.ELEMEN ... (7762 more bytes)","args":[{"element-6066-11e4-a52e-4f735466cecf":"4996380f-b3d6-46b5-82fe-74fbd55d39aa","ELEMENT":"4996380f-b3d6-46b5-82fe-74fbd55d39aa"}]}
COMMAND: POST /session/2b6e498264f43b515cd551ee8b62062a/execute/sync - {"script":"return (function isElementDisplayed(element) {\n    function nodeIsElement(node) {\n        if (!node) {\n            return false;\n        }\n        switch (node.nodeType) {\n            case Node.ELEMEN ... (7762 more bytes)","args":[{"element-6066-11e4-a52e-4f735466cecf":"4996380f-b3d6-46b5-82fe-74fbd55d39aa","ELEMENT":"4996380f-b3d6-46b5-82fe-74fbd55d39aa"}]}
RESULT: {"script":"return (function isElementDisplayed(element) {\n    function nodeIsElement(node) {\n        if (!node) {\n            return false;\n        }\n        switch (node.nodeType) {\n            case Node.ELEMEN ... (7762 more bytes)","args":[{"element-6066-11e4-a52e-4f735466cecf":"4996380f-b3d6-46b5-82fe-74fbd55d39aa","ELEMENT":"4996380f-b3d6-46b5-82fe-74fbd55d39aa"}]}
COMMAND: POST /session/2b6e498264f43b515cd551ee8b62062a/element/4996380f-b3d6-46b5-82fe-74fbd55d39aa/click - {}
RESULT: {}
COMMAND: POST /session/2b6e498264f43b515cd551ee8b62062a/element - {"using":"css selector","value":"form[name=ComputeEngineForm]"}
RESULT: {"using":"css selector","value":"form[name=ComputeEngineForm]"}
COMMAND: POST /session/2b6e498264f43b515cd551ee8b62062a/element/68922a7a-29e7-4cb1-9611-9e5ca301932d/element - {"using":"css selector","value":"[ng-model=\"listingCtrl.computeServer.ssd\"]"}
RESULT: {"using":"css selector","value":"[ng-model=\"listingCtrl.computeServer.ssd\"]"}
COMMAND: POST /session/2b6e498264f43b515cd551ee8b62062a/execute/sync - {"script":"return (function isElementDisplayed(element) {\n    function nodeIsElement(node) {\n        if (!node) {\n            return false;\n        }\n        switch (node.nodeType) {\n            case Node.ELEMEN ... (7762 more bytes)","args":[{"element-6066-11e4-a52e-4f735466cecf":"83c8a55e-71b1-4616-9903-f20fd98b89f0","ELEMENT":"83c8a55e-71b1-4616-9903-f20fd98b89f0"}]}
RESULT: {"script":"return (function isElementDisplayed(element) {\n    function nodeIsElement(node) {\n        if (!node) {\n            return false;\n        }\n        switch (node.nodeType) {\n            case Node.ELEMEN ... (7762 more bytes)","args":[{"element-6066-11e4-a52e-4f735466cecf":"83c8a55e-71b1-4616-9903-f20fd98b89f0","ELEMENT":"83c8a55e-71b1-4616-9903-f20fd98b89f0"}]}
COMMAND: POST /session/2b6e498264f43b515cd551ee8b62062a/element/83c8a55e-71b1-4616-9903-f20fd98b89f0/click - {}
RESULT: {}
COMMAND: POST /session/2b6e498264f43b515cd551ee8b62062a/element - {"using":"xpath","value":"//body/div/md-select-menu//md-option//div[normalize-space(text())='2x375 GB']"}
RESULT: {"using":"xpath","value":"//body/div/md-select-menu//md-option//div[normalize-space(text())='2x375 GB']"}
COMMAND: POST /session/2b6e498264f43b515cd551ee8b62062a/execute/sync - {"script":"return (function isElementDisplayed(element) {\n    function nodeIsElement(node) {\n        if (!node) {\n            return false;\n        }\n        switch (node.nodeType) {\n            case Node.ELEMEN ... (7762 more bytes)","args":[{"element-6066-11e4-a52e-4f735466cecf":"ed06b985-a1b5-4fc5-9246-15466c58bc51","ELEMENT":"ed06b985-a1b5-4fc5-9246-15466c58bc51"}]}
RESULT: {"script":"return (function isElementDisplayed(element) {\n    function nodeIsElement(node) {\n        if (!node) {\n            return false;\n        }\n        switch (node.nodeType) {\n            case Node.ELEMEN ... (7762 more bytes)","args":[{"element-6066-11e4-a52e-4f735466cecf":"ed06b985-a1b5-4fc5-9246-15466c58bc51","ELEMENT":"ed06b985-a1b5-4fc5-9246-15466c58bc51"}]}
COMMAND: POST /session/2b6e498264f43b515cd551ee8b62062a/execute/sync - {"script":"return (function isElementDisplayed(element) {\n    function nodeIsElement(node) {\n        if (!node) {\n            return false;\n        }\n        switch (node.nodeType) {\n            case Node.ELEMEN ... (7762 more bytes)","args":[{"element-6066-11e4-a52e-4f735466cecf":"ed06b985-a1b5-4fc5-9246-15466c58bc51","ELEMENT":"ed06b985-a1b5-4fc5-9246-15466c58bc51"}]}
RESULT: {"script":"return (function isElementDisplayed(element) {\n    function nodeIsElement(node) {\n        if (!node) {\n            return false;\n        }\n        switch (node.nodeType) {\n            case Node.ELEMEN ... (7762 more bytes)","args":[{"element-6066-11e4-a52e-4f735466cecf":"ed06b985-a1b5-4fc5-9246-15466c58bc51","ELEMENT":"ed06b985-a1b5-4fc5-9246-15466c58bc51"}]}
COMMAND: POST /session/2b6e498264f43b515cd551ee8b62062a/element/ed06b985-a1b5-4fc5-9246-15466c58bc51/click - {}
RESULT: {}
COMMAND: POST /session/2b6e498264f43b515cd551ee8b62062a/element - {"using":"css selector","value":"form[name=ComputeEngineForm]"}
RESULT: {"using":"css selector","value":"form[name=ComputeEngineForm]"}
COMMAND: POST /session/2b6e498264f43b515cd551ee8b62062a/element/68922a7a-29e7-4cb1-9611-9e5ca301932d/element - {"using":"css selector","value":"[ng-model=\"listingCtrl.computeServer.location\"]"}
RESULT: {"using":"css selector","value":"[ng-model=\"listingCtrl.computeServer.location\"]"}
COMMAND: POST /session/2b6e498264f43b515cd551ee8b62062a/execute/sync - {"script":"return (function isElementDisplayed(element) {\n    function nodeIsElement(node) {\n        if (!node) {\n            return false;\n        }\n        switch (node.nodeType) {\n            case Node.ELEMEN ... (7762 more bytes)","args":[{"element-6066-11e4-a52e-4f735466cecf":"e3c22c0d-366a-42a5-8451-1806db1d4685","ELEMENT":"e3c22c0d-366a-42a5-8451-1806db1d4685"}]}
RESULT: {"script":"return (function isElementDisplayed(element) {\n    function nodeIsElement(node) {\n        if (!node) {\n            return false;\n        }\n        switch (node.nodeType) {\n            case Node.ELEMEN ... (7762 more bytes)","args":[{"element-6066-11e4-a52e-4f735466cecf":"e3c22c0d-366a-42a5-8451-1806db1d4685","ELEMENT":"e3c22c0d-366a-42a5-8451-1806db1d4685"}]}
COMMAND: POST /session/2b6e498264f43b515cd551ee8b62062a/element/e3c22c0d-366a-42a5-8451-1806db1d4685/click - {}
RESULT: {}
COMMAND: POST /session/2b6e498264f43b515cd551ee8b62062a/element - {"using":"xpath","value":"//body/div/md-select-menu//md-option//div[normalize-space(text())='Frankfurt (europe-west3)']"}
RESULT: {"using":"xpath","value":"//body/div/md-select-menu//md-option//div[normalize-space(text())='Frankfurt (europe-west3)']"}
COMMAND: POST /session/2b6e498264f43b515cd551ee8b62062a/execute/sync - {"script":"return (function isElementDisplayed(element) {\n    function nodeIsElement(node) {\n        if (!node) {\n            return false;\n        }\n        switch (node.nodeType) {\n            case Node.ELEMEN ... (7762 more bytes)","args":[{"element-6066-11e4-a52e-4f735466cecf":"3c71bb18-96f5-4475-8560-2ca192855ba5","ELEMENT":"3c71bb18-96f5-4475-8560-2ca192855ba5"}]}
RESULT: {"script":"return (function isElementDisplayed(element) {\n    function nodeIsElement(node) {\n        if (!node) {\n            return false;\n        }\n        switch (node.nodeType) {\n            case Node.ELEMEN ... (7762 more bytes)","args":[{"element-6066-11e4-a52e-4f735466cecf":"3c71bb18-96f5-4475-8560-2ca192855ba5","ELEMENT":"3c71bb18-96f5-4475-8560-2ca192855ba5"}]}
COMMAND: POST /session/2b6e498264f43b515cd551ee8b62062a/execute/sync - {"script":"return (function isElementDisplayed(element) {\n    function nodeIsElement(node) {\n        if (!node) {\n            return false;\n        }\n        switch (node.nodeType) {\n            case Node.ELEMEN ... (7762 more bytes)","args":[{"element-6066-11e4-a52e-4f735466cecf":"3c71bb18-96f5-4475-8560-2ca192855ba5","ELEMENT":"3c71bb18-96f5-4475-8560-2ca192855ba5"}]}
RESULT: {"script":"return (function isElementDisplayed(element) {\n    function nodeIsElement(node) {\n        if (!node) {\n            return false;\n        }\n        switch (node.nodeType) {\n            case Node.ELEMEN ... (7762 more bytes)","args":[{"element-6066-11e4-a52e-4f735466cecf":"3c71bb18-96f5-4475-8560-2ca192855ba5","ELEMENT":"3c71bb18-96f5-4475-8560-2ca192855ba5"}]}
COMMAND: POST /session/2b6e498264f43b515cd551ee8b62062a/element/3c71bb18-96f5-4475-8560-2ca192855ba5/click - {}
RESULT: {}
COMMAND: POST /session/2b6e498264f43b515cd551ee8b62062a/element - {"using":"css selector","value":"form[name=ComputeEngineForm]"}
RESULT: {"using":"css selector","value":"form[name=ComputeEngineForm]"}
COMMAND: POST /session/2b6e498264f43b515cd551ee8b62062a/element/68922a7a-29e7-4cb1-9611-9e5ca301932d/element - {"using":"css selector","value":"[ng-model=\"listingCtrl.computeServer.cud\"]"}
RESULT: {"using":"css selector","value":"[ng-model=\"listingCtrl.computeServer.cud\"]"}
COMMAND: POST /session/2b6e498264f43b515cd551ee8b62062a/execute/sync - {"script":"return (function isElementDisplayed(element) {\n    function nodeIsElement(node) {\n        if (!node) {\n            return false;\n        }\n        switch (node.nodeType) {\n            case Node.ELEMEN ... (7762 more bytes)","args":[{"element-6066-11e4-a52e-4f735466cecf":"c296e50e-16d7-496c-9452-98c67850f924","ELEMENT":"c296e50e-16d7-496c-9452-98c67850f924"}]}
RESULT: {"script":"return (function isElementDisplayed(element) {\n    function nodeIsElement(node) {\n        if (!node) {\n            return false;\n        }\n        switch (node.nodeType) {\n            case Node.ELEMEN ... (7762 more bytes)","args":[{"element-6066-11e4-a52e-4f735466cecf":"c296e50e-16d7-496c-9452-98c67850f924","ELEMENT":"c296e50e-16d7-496c-9452-98c67850f924"}]}
COMMAND: POST /session/2b6e498264f43b515cd551ee8b62062a/element/c296e50e-16d7-496c-9452-98c67850f924/click - {}
RESULT: {}
COMMAND: POST /session/2b6e498264f43b515cd551ee8b62062a/element - {"using":"xpath","value":"//body/div/md-select-menu//md-option//div[normalize-space(text())='1 Year']"}
RESULT: {"using":"xpath","value":"//body/div/md-select-menu//md-option//div[normalize-space(text())='1 Year']"}
COMMAND: POST /session/2b6e498264f43b515cd551ee8b62062a/execute/sync - {"script":"return (function isElementDisplayed(element) {\n    function nodeIsElement(node) {\n        if (!node) {\n            return false;\n        }\n        switch (node.nodeType) {\n            case Node.ELEMEN ... (7762 more bytes)","args":[{"element-6066-11e4-a52e-4f735466cecf":"829cec0a-6279-418f-9ba2-284b879d9e18","ELEMENT":"829cec0a-6279-418f-9ba2-284b879d9e18"}]}
RESULT: {"script":"return (function isElementDisplayed(element) {\n    function nodeIsElement(node) {\n        if (!node) {\n            return false;\n        }\n        switch (node.nodeType) {\n            case Node.ELEMEN ... (7762 more bytes)","args":[{"element-6066-11e4-a52e-4f735466cecf":"829cec0a-6279-418f-9ba2-284b879d9e18","ELEMENT":"829cec0a-6279-418f-9ba2-284b879d9e18"}]}
COMMAND: POST /session/2b6e498264f43b515cd551ee8b62062a/execute/sync - {"script":"return (function isElementDisplayed(element) {\n    function nodeIsElement(node) {\n        if (!node) {\n            return false;\n        }\n        switch (node.nodeType) {\n            case Node.ELEMEN ... (7762 more bytes)","args":[{"element-6066-11e4-a52e-4f735466cecf":"829cec0a-6279-418f-9ba2-284b879d9e18","ELEMENT":"829cec0a-6279-418f-9ba2-284b879d9e18"}]}
RESULT: {"script":"return (function isElementDisplayed(element) {\n    function nodeIsElement(node) {\n        if (!node) {\n            return false;\n        }\n        switch (node.nodeType) {\n            case Node.ELEMEN ... (7762 more bytes)","args":[{"element-6066-11e4-a52e-4f735466cecf":"829cec0a-6279-418f-9ba2-284b879d9e18","ELEMENT":"829cec0a-6279-418f-9ba2-284b879d9e18"}]}
COMMAND: POST /session/2b6e498264f43b515cd551ee8b62062a/element/829cec0a-6279-418f-9ba2-284b879d9e18/click - {}
RESULT: {}
COMMAND: POST /session/2b6e498264f43b515cd551ee8b62062a/element - {"using":"xpath","value":"//div[@ng-if=\"listingCtrl.activeTabs == tab.block\"]"}
RESULT: {"using":"xpath","value":"//div[@ng-if=\"listingCtrl.activeTabs == tab.block\"]"}
COMMAND: POST /session/2b6e498264f43b515cd551ee8b62062a/element/af024250-3e11-416f-bbe3-7b7dcaf62d1b/element - {"using":"css selector","value":"button[aria-label=\"Add to Estimate\"]"}
RESULT: {"using":"css selector","value":"button[aria-label=\"Add to Estimate\"]"}
COMMAND: POST /session/2b6e498264f43b515cd551ee8b62062a/element/335fa9ab-a6c1-43d5-b4c6-570cfd74082d/click - {}
RESULT: {}
COMMAND: POST /session/2b6e498264f43b515cd551ee8b62062a/element - {"using":"css selector","value":"md-content #compute"}
RESULT: {"using":"css selector","value":"md-content #compute"}
COMMAND: POST /session/2b6e498264f43b515cd551ee8b62062a/element/2f14a561-900d-4f96-8476-f96af76df6bb/element - {"using":"xpath","value":"//div//b[contains(text(),\"Estimated Component Cost:\")]"}
RESULT: {"using":"xpath","value":"//div//b[contains(text(),\"Estimated Component Cost:\")]"}
COMMAND: POST /session/2b6e498264f43b515cd551ee8b62062a/execute/sync - {"script":"return (function isElementDisplayed(element) {\n    function nodeIsElement(node) {\n        if (!node) {\n            return false;\n        }\n        switch (node.nodeType) {\n            case Node.ELEMEN ... (7762 more bytes)","args":[{"element-6066-11e4-a52e-4f735466cecf":"ef8554ca-c8df-49e2-8fd9-7183c776c80f","ELEMENT":"ef8554ca-c8df-49e2-8fd9-7183c776c80f"}]}
RESULT: {"script":"return (function isElementDisplayed(element) {\n    function nodeIsElement(node) {\n        if (!node) {\n            return false;\n        }\n        switch (node.nodeType) {\n            case Node.ELEMEN ... (7762 more bytes)","args":[{"element-6066-11e4-a52e-4f735466cecf":"ef8554ca-c8df-49e2-8fd9-7183c776c80f","ELEMENT":"ef8554ca-c8df-49e2-8fd9-7183c776c80f"}]}
COMMAND: GET /session/2b6e498264f43b515cd551ee8b62062a/element/ef8554ca-c8df-49e2-8fd9-7183c776c80f/text - {}
RESULT: {}
COMMAND: POST /session/2b6e498264f43b515cd551ee8b62062a/element - {"using":"css selector","value":"#resultBlock"}
RESULT: {"using":"css selector","value":"#resultBlock"}
COMMAND: POST /session/2b6e498264f43b515cd551ee8b62062a/element/f2ee7403-6757-4b12-b6b8-4293541568ae/element - {"using":"css selector","value":"#email_quote"}
RESULT: {"using":"css selector","value":"#email_quote"}
COMMAND: POST /session/2b6e498264f43b515cd551ee8b62062a/execute/sync - {"script":"return (function isElementDisplayed(element) {\n    function nodeIsElement(node) {\n        if (!node) {\n            return false;\n        }\n        switch (node.nodeType) {\n            case Node.ELEMEN ... (7762 more bytes)","args":[{"element-6066-11e4-a52e-4f735466cecf":"c982ccb1-5b46-4eb7-b6e4-a055bc1ef7e8","ELEMENT":"c982ccb1-5b46-4eb7-b6e4-a055bc1ef7e8"}]}
RESULT: {"script":"return (function isElementDisplayed(element) {\n    function nodeIsElement(node) {\n        if (!node) {\n            return false;\n        }\n        switch (node.nodeType) {\n            case Node.ELEMEN ... (7762 more bytes)","args":[{"element-6066-11e4-a52e-4f735466cecf":"c982ccb1-5b46-4eb7-b6e4-a055bc1ef7e8","ELEMENT":"c982ccb1-5b46-4eb7-b6e4-a055bc1ef7e8"}]}
COMMAND: POST /session/2b6e498264f43b515cd551ee8b62062a/element/c982ccb1-5b46-4eb7-b6e4-a055bc1ef7e8/click - {}
RESULT: {}
COMMAND: GET /session/2b6e498264f43b515cd551ee8b62062a/window/handles - {}
RESULT: {}
COMMAND: POST /session/2b6e498264f43b515cd551ee8b62062a/window - {"handle":"CDwindow-6F5D28358888720D77D8EF5DACFEEEB3"}
RESULT: {"handle":"CDwindow-6F5D28358888720D77D8EF5DACFEEEB3"}
COMMAND: GET /session/2b6e498264f43b515cd551ee8b62062a/url - {}
RESULT: {}
COMMAND: GET /session/2b6e498264f43b515cd551ee8b62062a/window/handles - {}
RESULT: {}
COMMAND: POST /session/2b6e498264f43b515cd551ee8b62062a/execute/sync - {"script":"return (function newWindow(url, windowName, windowFeatures) {\n    window.open(url, windowName || '', windowFeatures || '');\n}).apply(null, arguments)","args":["https://tempail.com/","",""]}
RESULT: {"script":"return (function newWindow(url, windowName, windowFeatures) {\n    window.open(url, windowName || '', windowFeatures || '');\n}).apply(null, arguments)","args":["https://tempail.com/","",""]}
COMMAND: GET /session/2b6e498264f43b515cd551ee8b62062a/window/handles - {}
RESULT: {}
COMMAND: GET /session/2b6e498264f43b515cd551ee8b62062a/window/handles - {}
RESULT: {}
COMMAND: POST /session/2b6e498264f43b515cd551ee8b62062a/window - {"handle":"CDwindow-A2187D0FFB3F18714A49C4BCEED20D2D"}
RESULT: {"handle":"CDwindow-A2187D0FFB3F18714A49C4BCEED20D2D"}
COMMAND: POST /session/2b6e498264f43b515cd551ee8b62062a/element - {"using":"xpath","value":"//html[@lang]"}
RESULT: {"using":"xpath","value":"//html[@lang]"}
COMMAND: POST /session/2b6e498264f43b515cd551ee8b62062a/element/2ba1f1a4-03bf-4f42-9dd5-2a857ceea6ee/element - {"using":"css selector","value":".kopyala-link"}
RESULT: {"using":"css selector","value":".kopyala-link"}
COMMAND: POST /session/2b6e498264f43b515cd551ee8b62062a/element/2ba1f1a4-03bf-4f42-9dd5-2a857ceea6ee/element - {"using":"css selector","value":".kopyala-link"}
RESULT: {"using":"css selector","value":".kopyala-link"}
COMMAND: POST /session/2b6e498264f43b515cd551ee8b62062a/element/2ba1f1a4-03bf-4f42-9dd5-2a857ceea6ee/element - {"using":"css selector","value":".kopyala-link"}
RESULT: {"using":"css selector","value":".kopyala-link"}
COMMAND: POST /session/2b6e498264f43b515cd551ee8b62062a/element/2ba1f1a4-03bf-4f42-9dd5-2a857ceea6ee/element - {"using":"css selector","value":".kopyala-link"}
RESULT: {"using":"css selector","value":".kopyala-link"}
COMMAND: POST /session/2b6e498264f43b515cd551ee8b62062a/element/2ba1f1a4-03bf-4f42-9dd5-2a857ceea6ee/element - {"using":"css selector","value":".kopyala-link"}
RESULT: {"using":"css selector","value":".kopyala-link"}
COMMAND: POST /session/2b6e498264f43b515cd551ee8b62062a/element/2ba1f1a4-03bf-4f42-9dd5-2a857ceea6ee/element - {"using":"css selector","value":".kopyala-link"}
RESULT: {"using":"css selector","value":".kopyala-link"}
COMMAND: POST /session/2b6e498264f43b515cd551ee8b62062a/element/2ba1f1a4-03bf-4f42-9dd5-2a857ceea6ee/element - {"using":"css selector","value":".kopyala-link"}
RESULT: {"using":"css selector","value":".kopyala-link"}
COMMAND: POST /session/2b6e498264f43b515cd551ee8b62062a/element/2ba1f1a4-03bf-4f42-9dd5-2a857ceea6ee/element - {"using":"css selector","value":".kopyala-link"}
RESULT: {"using":"css selector","value":".kopyala-link"}
COMMAND: POST /session/2b6e498264f43b515cd551ee8b62062a/element/2ba1f1a4-03bf-4f42-9dd5-2a857ceea6ee/element - {"using":"css selector","value":".kopyala-link"}
RESULT: {"using":"css selector","value":".kopyala-link"}
COMMAND: POST /session/2b6e498264f43b515cd551ee8b62062a/element/2ba1f1a4-03bf-4f42-9dd5-2a857ceea6ee/element - {"using":"css selector","value":".kopyala-link"}
RESULT: {"using":"css selector","value":".kopyala-link"}
COMMAND: POST /session/2b6e498264f43b515cd551ee8b62062a/element/2ba1f1a4-03bf-4f42-9dd5-2a857ceea6ee/element - {"using":"css selector","value":".kopyala-link"}
RESULT: {"using":"css selector","value":".kopyala-link"}
COMMAND: POST /session/2b6e498264f43b515cd551ee8b62062a/element/2ba1f1a4-03bf-4f42-9dd5-2a857ceea6ee/element - {"using":"css selector","value":".kopyala-link"}
RESULT: {"using":"css selector","value":".kopyala-link"}
COMMAND: POST /session/2b6e498264f43b515cd551ee8b62062a/element/2ba1f1a4-03bf-4f42-9dd5-2a857ceea6ee/element - {"using":"css selector","value":".kopyala-link"}
RESULT: {"using":"css selector","value":".kopyala-link"}
COMMAND: POST /session/2b6e498264f43b515cd551ee8b62062a/element/2ba1f1a4-03bf-4f42-9dd5-2a857ceea6ee/element - {"using":"css selector","value":".kopyala-link"}
RESULT: {"using":"css selector","value":".kopyala-link"}
COMMAND: POST /session/2b6e498264f43b515cd551ee8b62062a/element/2ba1f1a4-03bf-4f42-9dd5-2a857ceea6ee/element - {"using":"css selector","value":".kopyala-link"}
RESULT: {"using":"css selector","value":".kopyala-link"}
COMMAND: POST /session/2b6e498264f43b515cd551ee8b62062a/element/2ba1f1a4-03bf-4f42-9dd5-2a857ceea6ee/element - {"using":"css selector","value":".kopyala-link"}
RESULT: {"using":"css selector","value":".kopyala-link"}
COMMAND: POST /session/2b6e498264f43b515cd551ee8b62062a/element/2ba1f1a4-03bf-4f42-9dd5-2a857ceea6ee/element - {"using":"css selector","value":".kopyala-link"}
COMMAND: POST /session/2b6e498264f43b515cd551ee8b62062a/element - {"using":"xpath","value":"//html[@lang]"}
RESULT: {"using":"xpath","value":"//html[@lang]"}
COMMAND: POST /session/2b6e498264f43b515cd551ee8b62062a/element/2ba1f1a4-03bf-4f42-9dd5-2a857ceea6ee/element - {"using":"css selector","value":".kopyala-link"}
COMMAND: POST /session/2b6e498264f43b515cd551ee8b62062a/element - {"using":"xpath","value":"//html[@lang]"}
RESULT: {"using":"xpath","value":"//html[@lang]"}
COMMAND: POST /session/2b6e498264f43b515cd551ee8b62062a/element/339d4e8b-8209-46e2-a7c4-7f8ea0604877/element - {"using":"css selector","value":".kopyala-link"}
RESULT: {"using":"css selector","value":".kopyala-link"}
COMMAND: POST /session/2b6e498264f43b515cd551ee8b62062a/execute/sync - {"script":"return (function isElementDisplayed(element) {\n    function nodeIsElement(node) {\n        if (!node) {\n            return false;\n        }\n        switch (node.nodeType) {\n            case Node.ELEMEN ... (7762 more bytes)","args":[{"element-6066-11e4-a52e-4f735466cecf":"60b530bf-e20b-4df8-97cb-6f0d1e85fab1","ELEMENT":"60b530bf-e20b-4df8-97cb-6f0d1e85fab1"}]}
RESULT: {"script":"return (function isElementDisplayed(element) {\n    function nodeIsElement(node) {\n        if (!node) {\n            return false;\n        }\n        switch (node.nodeType) {\n            case Node.ELEMEN ... (7762 more bytes)","args":[{"element-6066-11e4-a52e-4f735466cecf":"60b530bf-e20b-4df8-97cb-6f0d1e85fab1","ELEMENT":"60b530bf-e20b-4df8-97cb-6f0d1e85fab1"}]}
COMMAND: POST /session/2b6e498264f43b515cd551ee8b62062a/element/60b530bf-e20b-4df8-97cb-6f0d1e85fab1/click - {}
RESULT: {}
COMMAND: GET /session/2b6e498264f43b515cd551ee8b62062a/window/handles - {}
RESULT: {}
COMMAND: POST /session/2b6e498264f43b515cd551ee8b62062a/window - {"handle":"CDwindow-6F5D28358888720D77D8EF5DACFEEEB3"}
RESULT: {"handle":"CDwindow-6F5D28358888720D77D8EF5DACFEEEB3"}
COMMAND: GET /session/2b6e498264f43b515cd551ee8b62062a/url - {}
RESULT: {}
COMMAND: POST /session/2b6e498264f43b515cd551ee8b62062a/element - {"using":"xpath","value":"//devsite-iframe//iframe"}
RESULT: {"using":"xpath","value":"//devsite-iframe//iframe"}
COMMAND: POST /session/2b6e498264f43b515cd551ee8b62062a/frame - {"id":{"sessionId":"2b6e498264f43b515cd551ee8b62062a","elementId":"f31037cb-6d19-4017-b526-9bf91c3fc3b4","element-6066-11e4-a52e-4f735466cecf":"f31037cb-6d19-4017-b526-9bf91c3fc3b4","selector":"//devsite-iframe//iframe","parent":{"capabilities":{"acceptInsecureCerts":true,"browserName":"chrome","browserVersion":"104.0.5112.102","chrome":{"chromedriverVersion":"104.0.5112.79 (3cf3e8c8a07d104b9e1260c910efb8f383285dc5-refs/branch-heads/5112@{#1307})","userDataDir":"C:\\Users\\GOLOVC~1\\AppData\\Local\\Temp\\scoped_dir42704_1674783672"},"goog:chromeOptions":{"debuggerAddress":"localhost:64866"},"networkConnectionEnabled":false,"pageLoadStrategy":"normal","platformName":"windows","proxy":{},"setWindowRect":true,"_":"6 more keys: [\"strictFileInteractability\",\"timeouts\",\"unhandledPromptBehavior\",\"webauthn:extension:credBlob\",\"webauthn:extension:largeBlob\",\"webauthn:virtualAuthenticators\"]"},"config":{"specs":["./test/specs/**/*.js"],"suites":{"smoke":["./test/specs/smoke.spec.js"],"otherFeature":["./test/specs/e2e.spec.js"]},"exclude":[],"logLevel":"error","logLevels":{},"excludeDriverLogs":[],"bail":0,"waitforInterval":500,"waitforTimeout":100000,"framework":"mocha","_":"50 more keys: [\"reporters\",\"services\",\"maxInstances\",\"maxInstancesPerCapability\",\"filesToWatch\",\"connectionRetryTimeout\",\"connectionRetryCount\",\"execArgv\",\"runnerEnv\",\"runner\",\"specFileRetries\",\"specFileRetriesDelay\",\"specFileRetriesDeferred\",\"reporterSyncInterval\",\"reporterSyncTimeout\",\"cucumberFeaturesWithLineNumbers\",\"autoCompileOpts\",\"mochaOpts\",\"jasmineOpts\",\"cucumberOpts\",\"onPrepare\",\"onWorkerStart\",\"onWorkerEnd\",\"before\",\"beforeSession\",\"beforeSuite\",\"beforeHook\",\"beforeTest\",\"beforeCommand\",\"afterCommand\",\"afterTest\",\"afterHook\",\"afterSuite\",\"afterSession\",\"after\",\"onComplete\",\"onReload\",\"beforeFeature\",\"beforeScenario\",\"beforeStep\",\"afterStep\",\"afterScenario\",\"afterFeature\",\"baseUrl\",\"_\",\"BROWSER_NAME\",\"suite\",\"$0\",\"config-path\",\"ignoredWorkerServices\"]"}},"isReactElement":false}}
RESULT: {"id":{"sessionId":"2b6e498264f43b515cd551ee8b62062a","elementId":"f31037cb-6d19-4017-b526-9bf91c3fc3b4","element-6066-11e4-a52e-4f735466cecf":"f31037cb-6d19-4017-b526-9bf91c3fc3b4","selector":"//devsite-iframe//iframe","parent":{"capabilities":{"acceptInsecureCerts":true,"browserName":"chrome","browserVersion":"104.0.5112.102","chrome":{"chromedriverVersion":"104.0.5112.79 (3cf3e8c8a07d104b9e1260c910efb8f383285dc5-refs/branch-heads/5112@{#1307})","userDataDir":"C:\\Users\\GOLOVC~1\\AppData\\Local\\Temp\\scoped_dir42704_1674783672"},"goog:chromeOptions":{"debuggerAddress":"localhost:64866"},"networkConnectionEnabled":false,"pageLoadStrategy":"normal","platformName":"windows","proxy":{},"setWindowRect":true,"_":"6 more keys: [\"strictFileInteractability\",\"timeouts\",\"unhandledPromptBehavior\",\"webauthn:extension:credBlob\",\"webauthn:extension:largeBlob\",\"webauthn:virtualAuthenticators\"]"},"config":{"specs":["./test/specs/**/*.js"],"suites":{"smoke":["./test/specs/smoke.spec.js"],"otherFeature":["./test/specs/e2e.spec.js"]},"exclude":[],"logLevel":"error","logLevels":{},"excludeDriverLogs":[],"bail":0,"waitforInterval":500,"waitforTimeout":100000,"framework":"mocha","_":"50 more keys: [\"reporters\",\"services\",\"maxInstances\",\"maxInstancesPerCapability\",\"filesToWatch\",\"connectionRetryTimeout\",\"connectionRetryCount\",\"execArgv\",\"runnerEnv\",\"runner\",\"specFileRetries\",\"specFileRetriesDelay\",\"specFileRetriesDeferred\",\"reporterSyncInterval\",\"reporterSyncTimeout\",\"cucumberFeaturesWithLineNumbers\",\"autoCompileOpts\",\"mochaOpts\",\"jasmineOpts\",\"cucumberOpts\",\"onPrepare\",\"onWorkerStart\",\"onWorkerEnd\",\"before\",\"beforeSession\",\"beforeSuite\",\"beforeHook\",\"beforeTest\",\"beforeCommand\",\"afterCommand\",\"afterTest\",\"afterHook\",\"afterSuite\",\"afterSession\",\"after\",\"onComplete\",\"onReload\",\"beforeFeature\",\"beforeScenario\",\"beforeStep\",\"afterStep\",\"afterScenario\",\"afterFeature\",\"baseUrl\",\"_\",\"BROWSER_NAME\",\"suite\",\"$0\",\"config-path\",\"ignoredWorkerServices\"]"}},"isReactElement":false}}
COMMAND: POST /session/2b6e498264f43b515cd551ee8b62062a/element - {"using":"css selector","value":"#myFrame"}
RESULT: {"using":"css selector","value":"#myFrame"}
COMMAND: POST /session/2b6e498264f43b515cd551ee8b62062a/frame - {"id":{"sessionId":"2b6e498264f43b515cd551ee8b62062a","elementId":"622eef65-64fc-4f42-bc09-3f33e5f2a4de","element-6066-11e4-a52e-4f735466cecf":"622eef65-64fc-4f42-bc09-3f33e5f2a4de","selector":"#myFrame","parent":{"capabilities":{"acceptInsecureCerts":true,"browserName":"chrome","browserVersion":"104.0.5112.102","chrome":{"chromedriverVersion":"104.0.5112.79 (3cf3e8c8a07d104b9e1260c910efb8f383285dc5-refs/branch-heads/5112@{#1307})","userDataDir":"C:\\Users\\GOLOVC~1\\AppData\\Local\\Temp\\scoped_dir42704_1674783672"},"goog:chromeOptions":{"debuggerAddress":"localhost:64866"},"networkConnectionEnabled":false,"pageLoadStrategy":"normal","platformName":"windows","proxy":{},"setWindowRect":true,"_":"6 more keys: [\"strictFileInteractability\",\"timeouts\",\"unhandledPromptBehavior\",\"webauthn:extension:credBlob\",\"webauthn:extension:largeBlob\",\"webauthn:virtualAuthenticators\"]"},"config":{"specs":["./test/specs/**/*.js"],"suites":{"smoke":["./test/specs/smoke.spec.js"],"otherFeature":["./test/specs/e2e.spec.js"]},"exclude":[],"logLevel":"error","logLevels":{},"excludeDriverLogs":[],"bail":0,"waitforInterval":500,"waitforTimeout":100000,"framework":"mocha","_":"50 more keys: [\"reporters\",\"services\",\"maxInstances\",\"maxInstancesPerCapability\",\"filesToWatch\",\"connectionRetryTimeout\",\"connectionRetryCount\",\"execArgv\",\"runnerEnv\",\"runner\",\"specFileRetries\",\"specFileRetriesDelay\",\"specFileRetriesDeferred\",\"reporterSyncInterval\",\"reporterSyncTimeout\",\"cucumberFeaturesWithLineNumbers\",\"autoCompileOpts\",\"mochaOpts\",\"jasmineOpts\",\"cucumberOpts\",\"onPrepare\",\"onWorkerStart\",\"onWorkerEnd\",\"before\",\"beforeSession\",\"beforeSuite\",\"beforeHook\",\"beforeTest\",\"beforeCommand\",\"afterCommand\",\"afterTest\",\"afterHook\",\"afterSuite\",\"afterSession\",\"after\",\"onComplete\",\"onReload\",\"beforeFeature\",\"beforeScenario\",\"beforeStep\",\"afterStep\",\"afterScenario\",\"afterFeature\",\"baseUrl\",\"_\",\"BROWSER_NAME\",\"suite\",\"$0\",\"config-path\",\"ignoredWorkerServices\"]"}},"isReactElement":false}}
RESULT: {"id":{"sessionId":"2b6e498264f43b515cd551ee8b62062a","elementId":"622eef65-64fc-4f42-bc09-3f33e5f2a4de","element-6066-11e4-a52e-4f735466cecf":"622eef65-64fc-4f42-bc09-3f33e5f2a4de","selector":"#myFrame","parent":{"capabilities":{"acceptInsecureCerts":true,"browserName":"chrome","browserVersion":"104.0.5112.102","chrome":{"chromedriverVersion":"104.0.5112.79 (3cf3e8c8a07d104b9e1260c910efb8f383285dc5-refs/branch-heads/5112@{#1307})","userDataDir":"C:\\Users\\GOLOVC~1\\AppData\\Local\\Temp\\scoped_dir42704_1674783672"},"goog:chromeOptions":{"debuggerAddress":"localhost:64866"},"networkConnectionEnabled":false,"pageLoadStrategy":"normal","platformName":"windows","proxy":{},"setWindowRect":true,"_":"6 more keys: [\"strictFileInteractability\",\"timeouts\",\"unhandledPromptBehavior\",\"webauthn:extension:credBlob\",\"webauthn:extension:largeBlob\",\"webauthn:virtualAuthenticators\"]"},"config":{"specs":["./test/specs/**/*.js"],"suites":{"smoke":["./test/specs/smoke.spec.js"],"otherFeature":["./test/specs/e2e.spec.js"]},"exclude":[],"logLevel":"error","logLevels":{},"excludeDriverLogs":[],"bail":0,"waitforInterval":500,"waitforTimeout":100000,"framework":"mocha","_":"50 more keys: [\"reporters\",\"services\",\"maxInstances\",\"maxInstancesPerCapability\",\"filesToWatch\",\"connectionRetryTimeout\",\"connectionRetryCount\",\"execArgv\",\"runnerEnv\",\"runner\",\"specFileRetries\",\"specFileRetriesDelay\",\"specFileRetriesDeferred\",\"reporterSyncInterval\",\"reporterSyncTimeout\",\"cucumberFeaturesWithLineNumbers\",\"autoCompileOpts\",\"mochaOpts\",\"jasmineOpts\",\"cucumberOpts\",\"onPrepare\",\"onWorkerStart\",\"onWorkerEnd\",\"before\",\"beforeSession\",\"beforeSuite\",\"beforeHook\",\"beforeTest\",\"beforeCommand\",\"afterCommand\",\"afterTest\",\"afterHook\",\"afterSuite\",\"afterSession\",\"after\",\"onComplete\",\"onReload\",\"beforeFeature\",\"beforeScenario\",\"beforeStep\",\"afterStep\",\"afterScenario\",\"afterFeature\",\"baseUrl\",\"_\",\"BROWSER_NAME\",\"suite\",\"$0\",\"config-path\",\"ignoredWorkerServices\"]"}},"isReactElement":false}}
COMMAND: POST /session/2b6e498264f43b515cd551ee8b62062a/element - {"using":"css selector","value":"form[name=emailForm]"}
RESULT: {"using":"css selector","value":"form[name=emailForm]"}
COMMAND: POST /session/2b6e498264f43b515cd551ee8b62062a/element/e8dd5975-01f8-49aa-a024-6573398def40/element - {"using":"css selector","value":"input[ng-model=\"emailQuote.user.email\"]"}
RESULT: {"using":"css selector","value":"input[ng-model=\"emailQuote.user.email\"]"}
COMMAND: POST /session/2b6e498264f43b515cd551ee8b62062a/execute/sync - {"script":"return (function isElementDisplayed(element) {\n    function nodeIsElement(node) {\n        if (!node) {\n            return false;\n        }\n        switch (node.nodeType) {\n            case Node.ELEMEN ... (7762 more bytes)","args":[{"element-6066-11e4-a52e-4f735466cecf":"1d743e60-bfdc-4425-8f05-9cab36866be4","ELEMENT":"1d743e60-bfdc-4425-8f05-9cab36866be4"}]}
RESULT: {"script":"return (function isElementDisplayed(element) {\n    function nodeIsElement(node) {\n        if (!node) {\n            return false;\n        }\n        switch (node.nodeType) {\n            case Node.ELEMEN ... (7762 more bytes)","args":[{"element-6066-11e4-a52e-4f735466cecf":"1d743e60-bfdc-4425-8f05-9cab36866be4","ELEMENT":"1d743e60-bfdc-4425-8f05-9cab36866be4"}]}
COMMAND: POST /session/2b6e498264f43b515cd551ee8b62062a/element/1d743e60-bfdc-4425-8f05-9cab36866be4/clear - {}
RESULT: {}
COMMAND: POST /session/2b6e498264f43b515cd551ee8b62062a/element/1d743e60-bfdc-4425-8f05-9cab36866be4/value - {"text":""}
RESULT: {"text":""}
COMMAND: POST /session/2b6e498264f43b515cd551ee8b62062a/actions - {"actions":[{"type":"key","id":"keyboard","actions":[{"type":"keyDown","value":""},{"type":"keyDown","value":"v"},{"type":"keyUp","value":""},{"type":"keyUp","value":"v"}]}]}
RESULT: {"actions":[{"type":"key","id":"keyboard","actions":[{"type":"keyDown","value":""},{"type":"keyDown","value":"v"},{"type":"keyUp","value":""},{"type":"keyUp","value":"v"}]}]}
COMMAND: DELETE /session/2b6e498264f43b515cd551ee8b62062a/actions - {}
RESULT: {}
COMMAND: POST /session/2b6e498264f43b515cd551ee8b62062a/element - {"using":"css selector","value":"form[name=emailForm]"}
RESULT: {"using":"css selector","value":"form[name=emailForm]"}
COMMAND: POST /session/2b6e498264f43b515cd551ee8b62062a/element/e8dd5975-01f8-49aa-a024-6573398def40/element - {"using":"css selector","value":"[aria-label=\"Send Email\"]"}
RESULT: {"using":"css selector","value":"[aria-label=\"Send Email\"]"}
COMMAND: POST /session/2b6e498264f43b515cd551ee8b62062a/element/65601797-08e4-42e4-920a-6e82af9c6695/click - {}
RESULT: {}
COMMAND: GET /session/2b6e498264f43b515cd551ee8b62062a/window/handles - {}
RESULT: {}
COMMAND: POST /session/2b6e498264f43b515cd551ee8b62062a/window - {"handle":"CDwindow-6F5D28358888720D77D8EF5DACFEEEB3"}
RESULT: {"handle":"CDwindow-6F5D28358888720D77D8EF5DACFEEEB3"}
COMMAND: GET /session/2b6e498264f43b515cd551ee8b62062a/window/handles - {}
RESULT: {}
COMMAND: POST /session/2b6e498264f43b515cd551ee8b62062a/window - {"handle":"CDwindow-6F5D28358888720D77D8EF5DACFEEEB3"}
RESULT: {"handle":"CDwindow-6F5D28358888720D77D8EF5DACFEEEB3"}
COMMAND: GET /session/2b6e498264f43b515cd551ee8b62062a/url - {}
RESULT: {}
COMMAND: GET /session/2b6e498264f43b515cd551ee8b62062a/title - {}
RESULT: {}
COMMAND: POST /session/2b6e498264f43b515cd551ee8b62062a/execute/sync - {"script":"return (() => window.name).apply(null, arguments)","args":[]}
RESULT: {"script":"return (() => window.name).apply(null, arguments)","args":[]}
COMMAND: POST /session/2b6e498264f43b515cd551ee8b62062a/window - {"handle":"CDwindow-A2187D0FFB3F18714A49C4BCEED20D2D"}
RESULT: {"handle":"CDwindow-A2187D0FFB3F18714A49C4BCEED20D2D"}
COMMAND: GET /session/2b6e498264f43b515cd551ee8b62062a/url - {}
RESULT: {}
COMMAND: POST /session/2b6e498264f43b515cd551ee8b62062a/element - {"using":"xpath","value":"//html[@lang]"}
RESULT: {"using":"xpath","value":"//html[@lang]"}
COMMAND: POST /session/2b6e498264f43b515cd551ee8b62062a/element/339d4e8b-8209-46e2-a7c4-7f8ea0604877/element - {"using":"css selector","value":"#epostalar li:nth-child(2) a"}
RESULT: {"using":"css selector","value":"#epostalar li:nth-child(2) a"}
COMMAND: POST /session/2b6e498264f43b515cd551ee8b62062a/element/339d4e8b-8209-46e2-a7c4-7f8ea0604877/element - {"using":"css selector","value":"#epostalar li:nth-child(2) a"}
RESULT: {"using":"css selector","value":"#epostalar li:nth-child(2) a"}
COMMAND: POST /session/2b6e498264f43b515cd551ee8b62062a/element/339d4e8b-8209-46e2-a7c4-7f8ea0604877/element - {"using":"css selector","value":"#epostalar li:nth-child(2) a"}
RESULT: {"using":"css selector","value":"#epostalar li:nth-child(2) a"}
COMMAND: POST /session/2b6e498264f43b515cd551ee8b62062a/element/339d4e8b-8209-46e2-a7c4-7f8ea0604877/element - {"using":"css selector","value":"#epostalar li:nth-child(2) a"}
RESULT: {"using":"css selector","value":"#epostalar li:nth-child(2) a"}
COMMAND: POST /session/2b6e498264f43b515cd551ee8b62062a/execute/sync - {"script":"return (function isElementDisplayed(element) {\n    function nodeIsElement(node) {\n        if (!node) {\n            return false;\n        }\n        switch (node.nodeType) {\n            case Node.ELEMEN ... (7762 more bytes)","args":[{"element-6066-11e4-a52e-4f735466cecf":"dcbbbdfd-71c3-431c-bab4-ed1762c8b577","ELEMENT":"dcbbbdfd-71c3-431c-bab4-ed1762c8b577"}]}
RESULT: {"script":"return (function isElementDisplayed(element) {\n    function nodeIsElement(node) {\n        if (!node) {\n            return false;\n        }\n        switch (node.nodeType) {\n            case Node.ELEMEN ... (7762 more bytes)","args":[{"element-6066-11e4-a52e-4f735466cecf":"dcbbbdfd-71c3-431c-bab4-ed1762c8b577","ELEMENT":"dcbbbdfd-71c3-431c-bab4-ed1762c8b577"}]}
COMMAND: POST /session/2b6e498264f43b515cd551ee8b62062a/element/dcbbbdfd-71c3-431c-bab4-ed1762c8b577/click - {}
RESULT: {}
COMMAND: POST /session/2b6e498264f43b515cd551ee8b62062a/element - {"using":"xpath","value":"//iframe[@id=\"iframe\"]"}
RESULT: {"using":"xpath","value":"//iframe[@id=\"iframe\"]"}
COMMAND: POST /session/2b6e498264f43b515cd551ee8b62062a/frame - {"id":{"sessionId":"2b6e498264f43b515cd551ee8b62062a","error":{"error":"no such element","message":"no such element: Unable to locate element: {\"method\":\"xpath\",\"selector\":\"//iframe[@id=\"iframe\"]\"}\n  (Session info: chrome=104.0.5112.102)","stacktrace":"Backtrace:\n\tOrdinal0 [0x013078B3+2193587]\n\tOrdinal0 [0x012A0681+1771137]\n\tOrdinal0 [0x011B41A8+803240]\n\tOrdinal0 [0x011E24A0+992416]\n\tOrdinal0 [0x011E273B+993083]\n\tOrdinal0 [0x0120F7C2+1177538]\n\tOrdinal0 [0x011FD7F4+1103860]\n\tOrdinal0 [0x0120DAE2+1170146]\n\tOrdinal0 [0x011FD5C6+1103302]\n\tOrdinal0 [0x011D77E0+948192]\n\tOrdinal0 [0x011D86E6+952038]\n\tGetHandleVerifier [0x015B0CB2+2738370]\n\tGetHandleVerifier [0x015A21B8+2678216]\n\tGetHandleVerifier [0x013917AA+512954]\n\tGetHandleVerifier [0x01390856+509030]\n\tOrdinal0 [0x012A743B+1799227]\n\tOrdinal0 [0x012ABB68+1817448]\n\tOrdinal0 [0x012ABC55+1817685]\n\tOrdinal0 [0x012B5230+1856048]\n\tBaseThreadInitThunk [0x76E08654+36]\n\tRtlGetAppContainerNamedObjectPath [0x77E64A77+311]\n\tRtlGetAppContainerNamedObjectPath [0x77E64A47+263]\n"},"selector":"//iframe[@id=\"iframe\"]","parent":{"capabilities":{"acceptInsecureCerts":true,"browserName":"chrome","browserVersion":"104.0.5112.102","chrome":{"chromedriverVersion":"104.0.5112.79 (3cf3e8c8a07d104b9e1260c910efb8f383285dc5-refs/branch-heads/5112@{#1307})","userDataDir":"C:\\Users\\GOLOVC~1\\AppData\\Local\\Temp\\scoped_dir42704_1674783672"},"goog:chromeOptions":{"debuggerAddress":"localhost:64866"},"networkConnectionEnabled":false,"pageLoadStrategy":"normal","platformName":"windows","proxy":{},"setWindowRect":true,"_":"6 more keys: [\"strictFileInteractability\",\"timeouts\",\"unhandledPromptBehavior\",\"webauthn:extension:credBlob\",\"webauthn:extension:largeBlob\",\"webauthn:virtualAuthenticators\"]"},"config":{"specs":["./test/specs/**/*.js"],"suites":{"smoke":["./test/specs/smoke.spec.js"],"otherFeature":["./test/specs/e2e.spec.js"]},"exclude":[],"logLevel":"error","logLevels":{},"excludeDriverLogs":[],"bail":0,"waitforInterval":500,"waitforTimeout":100000,"framework":"mocha","_":"50 more keys: [\"reporters\",\"services\",\"maxInstances\",\"maxInstancesPerCapability\",\"filesToWatch\",\"connectionRetryTimeout\",\"connectionRetryCount\",\"execArgv\",\"runnerEnv\",\"runner\",\"specFileRetries\",\"specFileRetriesDelay\",\"specFileRetriesDeferred\",\"reporterSyncInterval\",\"reporterSyncTimeout\",\"cucumberFeaturesWithLineNumbers\",\"autoCompileOpts\",\"mochaOpts\",\"jasmineOpts\",\"cucumberOpts\",\"onPrepare\",\"onWorkerStart\",\"onWorkerEnd\",\"before\",\"beforeSession\",\"beforeSuite\",\"beforeHook\",\"beforeTest\",\"beforeCommand\",\"afterCommand\",\"afterTest\",\"afterHook\",\"afterSuite\",\"afterSession\",\"after\",\"onComplete\",\"onReload\",\"beforeFeature\",\"beforeScenario\",\"beforeStep\",\"afterStep\",\"afterScenario\",\"afterFeature\",\"baseUrl\",\"_\",\"BROWSER_NAME\",\"suite\",\"$0\",\"config-path\",\"ignoredWorkerServices\"]"}},"isReactElement":false}}
COMMAND: GET /session/2b6e498264f43b515cd551ee8b62062a/screenshot - {}
RESULT: {}
COMMAND: DELETE /session/2b6e498264f43b515cd551ee8b62062a - {}
RESULT: {}
]]></system-out>
      <system-err><![CDATA[
invalid argument: invalid argument: missing 'ELEMENT'
  (Session info: chrome=104.0.5112.102)
    at getErrorFromResponseBody (E:\eLearn\Automated-Testing-Basics-in-JavaScript-2.0-Stage-2\Framework-Practical-task\node_modules\webdriver\build\utils.js:198:12)
    at NodeJSRequest._request (E:\eLearn\Automated-Testing-Basics-in-JavaScript-2.0-Stage-2\Framework-Practical-task\node_modules\webdriver\build\request\index.js:166:60)
    at processTicksAndRejections (node:internal/process/task_queues:96:5)
    at async Browser.wrapCommandFn (E:\eLearn\Automated-Testing-Basics-in-JavaScript-2.0-Stage-2\Framework-Practical-task\node_modules\@wdio\utils\build\shim.js:137:29)
    at async Context.<anonymous> (E:\eLearn\Automated-Testing-Basics-in-JavaScript-2.0-Stage-2\Framework-Practical-task\test\specs\smoke.spec.js:138:9)
]]></system-err>
    </testcase>
  </testsuite>
</testsuites>